{"C:\\Users\\luan\\Documents\\mycurte\\mycurte-backend\\src\\core\\domain\\Entity.ts": {"path":"C:\\Users\\luan\\Documents\\mycurte\\mycurte-backend\\src\\core\\domain\\Entity.ts","statementMap":{"0":{"start":{"line":1,"column":0},"end":{"line":1,"column":33}},"1":{"start":{"line":3,"column":0},"end":{"line":3,"column":22}},"2":{"start":{"line":12,"column":4},"end":{"line":12,"column":null}},"3":{"start":{"line":13,"column":4},"end":{"line":13,"column":null}},"4":{"start":{"line":7,"column":2},"end":{"line":9,"column":null}},"5":{"start":{"line":8,"column":4},"end":{"line":8,"column":null}},"6":{"start":{"line":16,"column":9},"end":{"line":30,"column":null}},"7":{"start":{"line":17,"column":4},"end":{"line":19,"column":null}},"8":{"start":{"line":18,"column":6},"end":{"line":18,"column":null}},"9":{"start":{"line":21,"column":4},"end":{"line":23,"column":null}},"10":{"start":{"line":22,"column":6},"end":{"line":22,"column":null}},"11":{"start":{"line":25,"column":4},"end":{"line":27,"column":null}},"12":{"start":{"line":26,"column":6},"end":{"line":26,"column":null}},"13":{"start":{"line":29,"column":4},"end":{"line":29,"column":null}},"14":{"start":{"line":31,"column":0},"end":{"line":31,"column":null}},"15":{"start":{"line":3,"column":22},"end":{"line":3,"column":28}}},"fnMap":{"0":{"name":"(anonymous_0)","decl":{"start":{"line":3,"column":0},"end":{"line":3,"column":22}},"loc":{"start":{"line":3,"column":0},"end":{"line":31,"column":null}}},"1":{"name":"Entity","decl":{"start":{"line":11,"column":2},"end":{"line":11,"column":14}},"loc":{"start":{"line":11,"column":35},"end":{"line":14,"column":3}}},"2":{"name":"(anonymous_2)","decl":{"start":{"line":7,"column":2},"end":{"line":7,"column":6}},"loc":{"start":{"line":7,"column":2},"end":{"line":9,"column":3}}},"3":{"name":"(anonymous_3)","decl":{"start":{"line":16,"column":2},"end":{"line":16,"column":9}},"loc":{"start":{"line":16,"column":34},"end":{"line":30,"column":3}}}},"branchMap":{"0":{"loc":{"start":{"line":12,"column":15},"end":{"line":12,"column":17}},"type":"binary-expr","locations":[{"start":{"line":12,"column":15},"end":{"line":12,"column":17}},{"start":{"line":12,"column":21},"end":{"line":12,"column":27}}]},"1":{"loc":{"start":{"line":17,"column":4},"end":{"line":19,"column":null}},"type":"if","locations":[{"start":{"line":17,"column":4},"end":{"line":19,"column":null}},{"start":{"line":17,"column":4},"end":{"line":19,"column":null}}]},"2":{"loc":{"start":{"line":17,"column":8},"end":{"line":17,"column":23}},"type":"binary-expr","locations":[{"start":{"line":17,"column":8},"end":{"line":17,"column":23}},{"start":{"line":17,"column":27},"end":{"line":17,"column":47}}]},"3":{"loc":{"start":{"line":21,"column":4},"end":{"line":23,"column":null}},"type":"if","locations":[{"start":{"line":21,"column":4},"end":{"line":23,"column":null}},{"start":{"line":21,"column":4},"end":{"line":23,"column":null}}]},"4":{"loc":{"start":{"line":25,"column":4},"end":{"line":27,"column":null}},"type":"if","locations":[{"start":{"line":25,"column":4},"end":{"line":27,"column":null}},{"start":{"line":25,"column":4},"end":{"line":27,"column":null}}]}},"s":{"0":9,"1":9,"2":14,"3":14,"4":9,"5":16,"6":9,"7":0,"8":0,"9":0,"10":0,"11":0,"12":0,"13":0,"14":9,"15":9},"f":{"0":9,"1":14,"2":16,"3":0},"b":{"0":[14,13],"1":[0,0],"2":[0,0],"3":[0,0],"4":[0,0]}}
,"C:\\Users\\luan\\Documents\\mycurte\\mycurte-backend\\src\\core\\infra\\adapters\\ExpressMiddlewareAdapter.ts": {"path":"C:\\Users\\luan\\Documents\\mycurte\\mycurte-backend\\src\\core\\infra\\adapters\\ExpressMiddlewareAdapter.ts","statementMap":{"0":{"start":{"line":5,"column":31},"end":{"line":28,"column":1}},"1":{"start":{"line":6,"column":2},"end":{"line":27,"column":null}},"2":{"start":{"line":6,"column":72},"end":{"line":27,"column":null}},"3":{"start":{"line":7,"column":10},"end":{"line":10,"column":null}},"4":{"start":{"line":12,"column":25},"end":{"line":12,"column":null}},"5":{"start":{"line":12,"column":10},"end":{"line":12,"column":null}},"6":{"start":{"line":14,"column":4},"end":{"line":16,"column":null}},"7":{"start":{"line":15,"column":6},"end":{"line":15,"column":null}},"8":{"start":{"line":18,"column":4},"end":{"line":26,"column":null}},"9":{"start":{"line":19,"column":6},"end":{"line":19,"column":null}},"10":{"start":{"line":21,"column":6},"end":{"line":21,"column":null}},"11":{"start":{"line":23,"column":6},"end":{"line":25,"column":null}},"12":{"start":{"line":5,"column":13},"end":{"line":5,"column":31}}},"fnMap":{"0":{"name":"(anonymous_15)","decl":{"start":{"line":5,"column":31},"end":{"line":5,"column":32}},"loc":{"start":{"line":5,"column":54},"end":{"line":28,"column":1}}},"1":{"name":"(anonymous_16)","decl":{"start":{"line":6,"column":9},"end":{"line":6,"column":16}},"loc":{"start":{"line":6,"column":72},"end":{"line":27,"column":null}}},"2":{"name":"(anonymous_17)","decl":{"start":{"line":6,"column":72},"end":{"line":6,"column":null}},"loc":{"start":{"line":6,"column":72},"end":{"line":27,"column":null}}}},"branchMap":{"0":{"loc":{"start":{"line":8,"column":34},"end":{"line":8,"column":37}},"type":"cond-expr","locations":[{"start":{"line":8,"column":34},"end":{"line":8,"column":37}},{"start":{"line":8,"column":34},"end":{"line":8,"column":54}}]},"1":{"loc":{"start":{"line":8,"column":19},"end":{"line":8,"column":37}},"type":"binary-expr","locations":[{"start":{"line":8,"column":19},"end":{"line":8,"column":37}},{"start":{"line":8,"column":34},"end":{"line":8,"column":37}}]},"2":{"loc":{"start":{"line":9,"column":10},"end":{"line":9,"column":25}},"type":"binary-expr","locations":[{"start":{"line":9,"column":10},"end":{"line":9,"column":25}},{"start":{"line":9,"column":29},"end":{"line":9,"column":31}}]},"3":{"loc":{"start":{"line":14,"column":4},"end":{"line":16,"column":null}},"type":"if","locations":[{"start":{"line":14,"column":4},"end":{"line":16,"column":null}},{"start":{"line":14,"column":4},"end":{"line":16,"column":null}}]},"4":{"loc":{"start":{"line":18,"column":4},"end":{"line":26,"column":null}},"type":"if","locations":[{"start":{"line":18,"column":4},"end":{"line":26,"column":null}},{"start":{"line":18,"column":4},"end":{"line":26,"column":null}}]}},"s":{"0":3,"1":3,"2":1,"3":1,"4":1,"5":1,"6":1,"7":0,"8":1,"9":0,"10":0,"11":1,"12":3},"f":{"0":3,"1":1,"2":1},"b":{"0":[0,1],"1":[1,1],"2":[1,0],"3":[0,1],"4":[0,1]}}
,"C:\\Users\\luan\\Documents\\mycurte\\mycurte-backend\\src\\core\\infra\\adapters\\ExpressRouteAdapter.ts": {"path":"C:\\Users\\luan\\Documents\\mycurte\\mycurte-backend\\src\\core\\infra\\adapters\\ExpressRouteAdapter.ts","statementMap":{"0":{"start":{"line":5,"column":26},"end":{"line":26,"column":1}},"1":{"start":{"line":6,"column":2},"end":{"line":25,"column":null}},"2":{"start":{"line":6,"column":52},"end":{"line":25,"column":null}},"3":{"start":{"line":7,"column":10},"end":{"line":14,"column":null}},"4":{"start":{"line":16,"column":25},"end":{"line":16,"column":null}},"5":{"start":{"line":16,"column":10},"end":{"line":16,"column":null}},"6":{"start":{"line":18,"column":4},"end":{"line":24,"column":null}},"7":{"start":{"line":19,"column":6},"end":{"line":19,"column":null}},"8":{"start":{"line":21,"column":6},"end":{"line":23,"column":null}},"9":{"start":{"line":5,"column":13},"end":{"line":5,"column":26}}},"fnMap":{"0":{"name":"(anonymous_15)","decl":{"start":{"line":5,"column":26},"end":{"line":5,"column":27}},"loc":{"start":{"line":5,"column":49},"end":{"line":26,"column":1}}},"1":{"name":"(anonymous_16)","decl":{"start":{"line":6,"column":9},"end":{"line":6,"column":16}},"loc":{"start":{"line":6,"column":52},"end":{"line":25,"column":null}}},"2":{"name":"(anonymous_17)","decl":{"start":{"line":6,"column":52},"end":{"line":6,"column":null}},"loc":{"start":{"line":6,"column":52},"end":{"line":25,"column":null}}}},"branchMap":{"0":{"loc":{"start":{"line":18,"column":4},"end":{"line":24,"column":null}},"type":"if","locations":[{"start":{"line":18,"column":4},"end":{"line":24,"column":null}},{"start":{"line":18,"column":4},"end":{"line":24,"column":null}}]},"1":{"loc":{"start":{"line":18,"column":8},"end":{"line":18,"column":38}},"type":"binary-expr","locations":[{"start":{"line":18,"column":8},"end":{"line":18,"column":38}},{"start":{"line":18,"column":42},"end":{"line":18,"column":72}}]}},"s":{"0":3,"1":9,"2":5,"3":5,"4":5,"5":5,"6":5,"7":2,"8":3,"9":3},"f":{"0":9,"1":5,"2":5},"b":{"0":[2,3],"1":[5,5]}}
,"C:\\Users\\luan\\Documents\\mycurte\\mycurte-backend\\src\\core\\logic\\Either.ts": {"path":"C:\\Users\\luan\\Documents\\mycurte\\mycurte-backend\\src\\core\\logic\\Either.ts","statementMap":{"0":{"start":{"line":1,"column":0},"end":{"line":1,"column":13}},"1":{"start":{"line":5,"column":4},"end":{"line":5,"column":null}},"2":{"start":{"line":8,"column":2},"end":{"line":10,"column":null}},"3":{"start":{"line":9,"column":4},"end":{"line":9,"column":null}},"4":{"start":{"line":12,"column":2},"end":{"line":14,"column":null}},"5":{"start":{"line":13,"column":4},"end":{"line":13,"column":null}},"6":{"start":{"line":15,"column":0},"end":{"line":15,"column":null}},"7":{"start":{"line":1,"column":13},"end":{"line":1,"column":17}},"8":{"start":{"line":17,"column":0},"end":{"line":17,"column":13}},"9":{"start":{"line":21,"column":4},"end":{"line":21,"column":null}},"10":{"start":{"line":24,"column":2},"end":{"line":26,"column":null}},"11":{"start":{"line":25,"column":4},"end":{"line":25,"column":null}},"12":{"start":{"line":28,"column":2},"end":{"line":30,"column":null}},"13":{"start":{"line":29,"column":4},"end":{"line":29,"column":null}},"14":{"start":{"line":31,"column":0},"end":{"line":31,"column":null}},"15":{"start":{"line":17,"column":13},"end":{"line":17,"column":18}},"16":{"start":{"line":35,"column":20},"end":{"line":37,"column":1}},"17":{"start":{"line":36,"column":2},"end":{"line":36,"column":null}},"18":{"start":{"line":35,"column":13},"end":{"line":35,"column":20}},"19":{"start":{"line":39,"column":21},"end":{"line":41,"column":1}},"20":{"start":{"line":40,"column":2},"end":{"line":40,"column":null}},"21":{"start":{"line":39,"column":13},"end":{"line":39,"column":21}}},"fnMap":{"0":{"name":"(anonymous_0)","decl":{"start":{"line":1,"column":0},"end":{"line":1,"column":13}},"loc":{"start":{"line":1,"column":0},"end":{"line":15,"column":null}}},"1":{"name":"Left","decl":{"start":{"line":4,"column":2},"end":{"line":4,"column":14}},"loc":{"start":{"line":4,"column":22},"end":{"line":6,"column":3}}},"2":{"name":"(anonymous_2)","decl":{"start":{"line":8,"column":2},"end":{"line":8,"column":8}},"loc":{"start":{"line":8,"column":2},"end":{"line":10,"column":3}}},"3":{"name":"(anonymous_3)","decl":{"start":{"line":12,"column":2},"end":{"line":12,"column":9}},"loc":{"start":{"line":12,"column":2},"end":{"line":14,"column":3}}},"4":{"name":"(anonymous_4)","decl":{"start":{"line":17,"column":0},"end":{"line":17,"column":13}},"loc":{"start":{"line":17,"column":0},"end":{"line":31,"column":null}}},"5":{"name":"Right","decl":{"start":{"line":20,"column":2},"end":{"line":20,"column":14}},"loc":{"start":{"line":20,"column":22},"end":{"line":22,"column":3}}},"6":{"name":"(anonymous_6)","decl":{"start":{"line":24,"column":2},"end":{"line":24,"column":8}},"loc":{"start":{"line":24,"column":2},"end":{"line":26,"column":3}}},"7":{"name":"(anonymous_7)","decl":{"start":{"line":28,"column":2},"end":{"line":28,"column":9}},"loc":{"start":{"line":28,"column":2},"end":{"line":30,"column":3}}},"8":{"name":"(anonymous_8)","decl":{"start":{"line":35,"column":20},"end":{"line":35,"column":27}},"loc":{"start":{"line":35,"column":31},"end":{"line":37,"column":1}}},"9":{"name":"(anonymous_9)","decl":{"start":{"line":39,"column":21},"end":{"line":39,"column":28}},"loc":{"start":{"line":39,"column":32},"end":{"line":41,"column":1}}}},"branchMap":{},"s":{"0":14,"1":27,"2":14,"3":27,"4":14,"5":0,"6":14,"7":14,"8":14,"9":86,"10":14,"11":41,"12":14,"13":13,"14":14,"15":14,"16":14,"17":27,"18":14,"19":14,"20":86,"21":14},"f":{"0":14,"1":27,"2":27,"3":0,"4":14,"5":86,"6":41,"7":13,"8":27,"9":86},"b":{}}
,"C:\\Users\\luan\\Documents\\mycurte\\mycurte-backend\\src\\modules\\accounts\\domain\\user\\email.ts": {"path":"C:\\Users\\luan\\Documents\\mycurte\\mycurte-backend\\src\\modules\\accounts\\domain\\user\\email.ts","statementMap":{"0":{"start":{"line":1,"column":0},"end":{"line":1,"column":56}},"1":{"start":{"line":3,"column":0},"end":{"line":3,"column":62}},"2":{"start":{"line":5,"column":0},"end":{"line":5,"column":13}},"3":{"start":{"line":13,"column":4},"end":{"line":13,"column":null}},"4":{"start":{"line":8,"column":2},"end":{"line":10,"column":null}},"5":{"start":{"line":9,"column":4},"end":{"line":9,"column":null}},"6":{"start":{"line":16,"column":9},"end":{"line":29,"column":null}},"7":{"start":{"line":17,"column":4},"end":{"line":19,"column":null}},"8":{"start":{"line":18,"column":6},"end":{"line":18,"column":null}},"9":{"start":{"line":22,"column":6},"end":{"line":22,"column":156}},"10":{"start":{"line":24,"column":4},"end":{"line":26,"column":null}},"11":{"start":{"line":25,"column":6},"end":{"line":25,"column":null}},"12":{"start":{"line":28,"column":4},"end":{"line":28,"column":null}},"13":{"start":{"line":31,"column":9},"end":{"line":33,"column":null}},"14":{"start":{"line":32,"column":4},"end":{"line":32,"column":null}},"15":{"start":{"line":35,"column":9},"end":{"line":43,"column":null}},"16":{"start":{"line":36,"column":4},"end":{"line":38,"column":null}},"17":{"start":{"line":37,"column":6},"end":{"line":37,"column":null}},"18":{"start":{"line":40,"column":27},"end":{"line":40,"column":45}},"19":{"start":{"line":42,"column":4},"end":{"line":42,"column":null}},"20":{"start":{"line":44,"column":0},"end":{"line":44,"column":null}},"21":{"start":{"line":5,"column":13},"end":{"line":5,"column":18}}},"fnMap":{"0":{"name":"(anonymous_0)","decl":{"start":{"line":5,"column":0},"end":{"line":5,"column":13}},"loc":{"start":{"line":5,"column":0},"end":{"line":44,"column":null}}},"1":{"name":"Email","decl":{"start":{"line":12,"column":2},"end":{"line":12,"column":22}},"loc":{"start":{"line":12,"column":35},"end":{"line":14,"column":3}}},"2":{"name":"(anonymous_2)","decl":{"start":{"line":8,"column":2},"end":{"line":8,"column":6}},"loc":{"start":{"line":8,"column":2},"end":{"line":10,"column":3}}},"3":{"name":"(anonymous_3)","decl":{"start":{"line":16,"column":2},"end":{"line":16,"column":9}},"loc":{"start":{"line":16,"column":31},"end":{"line":29,"column":3}}},"4":{"name":"(anonymous_4)","decl":{"start":{"line":31,"column":2},"end":{"line":31,"column":9}},"loc":{"start":{"line":31,"column":29},"end":{"line":33,"column":3}}},"5":{"name":"(anonymous_5)","decl":{"start":{"line":35,"column":2},"end":{"line":35,"column":9}},"loc":{"start":{"line":35,"column":29},"end":{"line":43,"column":3}}}},"branchMap":{"0":{"loc":{"start":{"line":17,"column":4},"end":{"line":19,"column":null}},"type":"if","locations":[{"start":{"line":17,"column":4},"end":{"line":19,"column":null}},{"start":{"line":17,"column":4},"end":{"line":19,"column":null}}]},"1":{"loc":{"start":{"line":17,"column":8},"end":{"line":17,"column":14}},"type":"binary-expr","locations":[{"start":{"line":17,"column":8},"end":{"line":17,"column":14}},{"start":{"line":17,"column":18},"end":{"line":17,"column":43}}]},"2":{"loc":{"start":{"line":24,"column":4},"end":{"line":26,"column":null}},"type":"if","locations":[{"start":{"line":24,"column":4},"end":{"line":26,"column":null}},{"start":{"line":24,"column":4},"end":{"line":26,"column":null}}]},"3":{"loc":{"start":{"line":36,"column":4},"end":{"line":38,"column":null}},"type":"if","locations":[{"start":{"line":36,"column":4},"end":{"line":38,"column":null}},{"start":{"line":36,"column":4},"end":{"line":38,"column":null}}]}},"s":{"0":8,"1":8,"2":8,"3":17,"4":8,"5":9,"6":8,"7":22,"8":1,"9":21,"10":21,"11":4,"12":17,"13":8,"14":17,"15":8,"16":22,"17":5,"18":17,"19":17,"20":8,"21":8},"f":{"0":8,"1":17,"2":9,"3":22,"4":17,"5":22},"b":{"0":[1,21],"1":[22,22],"2":[4,17],"3":[5,17]}}
,"C:\\Users\\luan\\Documents\\mycurte\\mycurte-backend\\src\\modules\\accounts\\domain\\user\\jwt.ts": {"path":"C:\\Users\\luan\\Documents\\mycurte\\mycurte-backend\\src\\modules\\accounts\\domain\\user\\jwt.ts","statementMap":{"0":{"start":{"line":1,"column":0},"end":{"line":1,"column":43}},"1":{"start":{"line":3,"column":0},"end":{"line":3,"column":35}},"2":{"start":{"line":4,"column":0},"end":{"line":4,"column":56}},"3":{"start":{"line":6,"column":0},"end":{"line":6,"column":68}},"4":{"start":{"line":19,"column":0},"end":{"line":19,"column":13}},"5":{"start":{"line":23,"column":30},"end":{"line":23,"column":32}},"6":{"start":{"line":23,"column":37},"end":{"line":23,"column":48}},"7":{"start":{"line":24,"column":4},"end":{"line":24,"column":null}},"8":{"start":{"line":25,"column":4},"end":{"line":25,"column":null}},"9":{"start":{"line":28,"column":9},"end":{"line":38,"column":null}},"10":{"start":{"line":31,"column":4},"end":{"line":37,"column":null}},"11":{"start":{"line":32,"column":22},"end":{"line":32,"column":70}},"12":{"start":{"line":34,"column":6},"end":{"line":34,"column":null}},"13":{"start":{"line":36,"column":6},"end":{"line":36,"column":null}},"14":{"start":{"line":40,"column":9},"end":{"line":50,"column":null}},"15":{"start":{"line":41,"column":30},"end":{"line":41,"column":53}},"16":{"start":{"line":43,"column":4},"end":{"line":45,"column":null}},"17":{"start":{"line":44,"column":6},"end":{"line":44,"column":null}},"18":{"start":{"line":47,"column":16},"end":{"line":47,"column":71}},"19":{"start":{"line":49,"column":4},"end":{"line":49,"column":null}},"20":{"start":{"line":52,"column":9},"end":{"line":61,"column":null}},"21":{"start":{"line":53,"column":18},"end":{"line":56,"column":6}},"22":{"start":{"line":58,"column":16},"end":{"line":58,"column":51}},"23":{"start":{"line":60,"column":4},"end":{"line":60,"column":null}},"24":{"start":{"line":62,"column":0},"end":{"line":62,"column":null}},"25":{"start":{"line":19,"column":13},"end":{"line":19,"column":16}}},"fnMap":{"0":{"name":"(anonymous_0)","decl":{"start":{"line":19,"column":0},"end":{"line":19,"column":13}},"loc":{"start":{"line":19,"column":0},"end":{"line":62,"column":null}}},"1":{"name":"JWT","decl":{"start":{"line":23,"column":2},"end":{"line":23,"column":22}},"loc":{"start":{"line":23,"column":48},"end":{"line":26,"column":3}}},"2":{"name":"(anonymous_2)","decl":{"start":{"line":28,"column":2},"end":{"line":28,"column":9}},"loc":{"start":{"line":29,"column":17},"end":{"line":38,"column":3}}},"3":{"name":"(anonymous_3)","decl":{"start":{"line":40,"column":2},"end":{"line":40,"column":9}},"loc":{"start":{"line":40,"column":36},"end":{"line":50,"column":3}}},"4":{"name":"(anonymous_4)","decl":{"start":{"line":52,"column":2},"end":{"line":52,"column":9}},"loc":{"start":{"line":52,"column":28},"end":{"line":61,"column":3}}}},"branchMap":{"0":{"loc":{"start":{"line":43,"column":4},"end":{"line":45,"column":null}},"type":"if","locations":[{"start":{"line":43,"column":4},"end":{"line":45,"column":null}},{"start":{"line":43,"column":4},"end":{"line":45,"column":null}}]}},"s":{"0":6,"1":6,"2":6,"3":6,"4":6,"5":7,"6":7,"7":7,"8":7,"9":6,"10":4,"11":4,"12":2,"13":2,"14":6,"15":2,"16":2,"17":1,"18":1,"19":1,"20":6,"21":6,"22":6,"23":6,"24":6,"25":6},"f":{"0":6,"1":7,"2":4,"3":2,"4":6},"b":{"0":[1,1]}}
,"C:\\Users\\luan\\Documents\\mycurte\\mycurte-backend\\src\\modules\\accounts\\domain\\user\\name.ts": {"path":"C:\\Users\\luan\\Documents\\mycurte\\mycurte-backend\\src\\modules\\accounts\\domain\\user\\name.ts","statementMap":{"0":{"start":{"line":1,"column":0},"end":{"line":1,"column":56}},"1":{"start":{"line":3,"column":0},"end":{"line":3,"column":60}},"2":{"start":{"line":5,"column":0},"end":{"line":5,"column":13}},"3":{"start":{"line":13,"column":4},"end":{"line":13,"column":null}},"4":{"start":{"line":8,"column":2},"end":{"line":10,"column":null}},"5":{"start":{"line":9,"column":4},"end":{"line":9,"column":null}},"6":{"start":{"line":16,"column":9},"end":{"line":22,"column":null}},"7":{"start":{"line":17,"column":4},"end":{"line":19,"column":null}},"8":{"start":{"line":18,"column":6},"end":{"line":18,"column":null}},"9":{"start":{"line":21,"column":4},"end":{"line":21,"column":null}},"10":{"start":{"line":24,"column":9},"end":{"line":30,"column":null}},"11":{"start":{"line":25,"column":4},"end":{"line":27,"column":null}},"12":{"start":{"line":26,"column":6},"end":{"line":26,"column":null}},"13":{"start":{"line":29,"column":4},"end":{"line":29,"column":null}},"14":{"start":{"line":31,"column":0},"end":{"line":31,"column":null}},"15":{"start":{"line":5,"column":13},"end":{"line":5,"column":17}}},"fnMap":{"0":{"name":"(anonymous_0)","decl":{"start":{"line":5,"column":0},"end":{"line":5,"column":13}},"loc":{"start":{"line":5,"column":0},"end":{"line":31,"column":null}}},"1":{"name":"Name","decl":{"start":{"line":12,"column":2},"end":{"line":12,"column":22}},"loc":{"start":{"line":12,"column":34},"end":{"line":14,"column":3}}},"2":{"name":"(anonymous_2)","decl":{"start":{"line":8,"column":2},"end":{"line":8,"column":6}},"loc":{"start":{"line":8,"column":2},"end":{"line":10,"column":3}}},"3":{"name":"(anonymous_3)","decl":{"start":{"line":16,"column":2},"end":{"line":16,"column":9}},"loc":{"start":{"line":16,"column":30},"end":{"line":22,"column":3}}},"4":{"name":"(anonymous_4)","decl":{"start":{"line":24,"column":2},"end":{"line":24,"column":9}},"loc":{"start":{"line":24,"column":28},"end":{"line":30,"column":3}}}},"branchMap":{"0":{"loc":{"start":{"line":17,"column":4},"end":{"line":19,"column":null}},"type":"if","locations":[{"start":{"line":17,"column":4},"end":{"line":19,"column":null}},{"start":{"line":17,"column":4},"end":{"line":19,"column":null}}]},"1":{"loc":{"start":{"line":17,"column":8},"end":{"line":17,"column":13}},"type":"binary-expr","locations":[{"start":{"line":17,"column":8},"end":{"line":17,"column":13}},{"start":{"line":17,"column":17},"end":{"line":17,"column":39}},{"start":{"line":17,"column":43},"end":{"line":17,"column":66}}]},"2":{"loc":{"start":{"line":25,"column":4},"end":{"line":27,"column":null}},"type":"if","locations":[{"start":{"line":25,"column":4},"end":{"line":27,"column":null}},{"start":{"line":25,"column":4},"end":{"line":27,"column":null}}]}},"s":{"0":8,"1":8,"2":8,"3":12,"4":8,"5":1,"6":8,"7":14,"8":2,"9":12,"10":8,"11":14,"12":2,"13":12,"14":8,"15":8},"f":{"0":8,"1":12,"2":1,"3":14,"4":14},"b":{"0":[2,12],"1":[14,14,13],"2":[2,12]}}
,"C:\\Users\\luan\\Documents\\mycurte\\mycurte-backend\\src\\modules\\accounts\\domain\\user\\password.ts": {"path":"C:\\Users\\luan\\Documents\\mycurte\\mycurte-backend\\src\\modules\\accounts\\domain\\user\\password.ts","statementMap":{"0":{"start":{"line":1,"column":0},"end":{"line":1,"column":29}},"1":{"start":{"line":3,"column":0},"end":{"line":3,"column":56}},"2":{"start":{"line":5,"column":0},"end":{"line":5,"column":80}},"3":{"start":{"line":7,"column":0},"end":{"line":7,"column":13}},"4":{"start":{"line":12,"column":4},"end":{"line":12,"column":null}},"5":{"start":{"line":13,"column":4},"end":{"line":13,"column":null}},"6":{"start":{"line":16,"column":9},"end":{"line":26,"column":null}},"7":{"start":{"line":17,"column":4},"end":{"line":23,"column":null}},"8":{"start":{"line":22,"column":6},"end":{"line":22,"column":null}},"9":{"start":{"line":25,"column":4},"end":{"line":25,"column":null}},"10":{"start":{"line":28,"column":15},"end":{"line":34,"column":null}},"11":{"start":{"line":29,"column":4},"end":{"line":31,"column":null}},"12":{"start":{"line":30,"column":6},"end":{"line":30,"column":null}},"13":{"start":{"line":33,"column":11},"end":{"line":33,"column":null}},"14":{"start":{"line":33,"column":4},"end":{"line":33,"column":null}},"15":{"start":{"line":36,"column":15},"end":{"line":46,"column":null}},"16":{"start":{"line":39,"column":8},"end":{"line":39,"column":12}},"17":{"start":{"line":40,"column":6},"end":{"line":40,"column":null}},"18":{"start":{"line":42,"column":13},"end":{"line":42,"column":null}},"19":{"start":{"line":42,"column":6},"end":{"line":42,"column":null}},"20":{"start":{"line":45,"column":4},"end":{"line":45,"column":null}},"21":{"start":{"line":48,"column":9},"end":{"line":57,"column":null}},"22":{"start":{"line":50,"column":4},"end":{"line":50,"column":null}},"23":{"start":{"line":52,"column":4},"end":{"line":54,"column":null}},"24":{"start":{"line":53,"column":6},"end":{"line":53,"column":null}},"25":{"start":{"line":56,"column":4},"end":{"line":56,"column":null}},"26":{"start":{"line":58,"column":0},"end":{"line":58,"column":null}},"27":{"start":{"line":7,"column":13},"end":{"line":7,"column":21}}},"fnMap":{"0":{"name":"(anonymous_14)","decl":{"start":{"line":7,"column":0},"end":{"line":7,"column":13}},"loc":{"start":{"line":7,"column":0},"end":{"line":58,"column":null}}},"1":{"name":"Password","decl":{"start":{"line":11,"column":2},"end":{"line":11,"column":22}},"loc":{"start":{"line":11,"column":55},"end":{"line":14,"column":3}}},"2":{"name":"(anonymous_16)","decl":{"start":{"line":16,"column":2},"end":{"line":16,"column":9}},"loc":{"start":{"line":16,"column":34},"end":{"line":26,"column":3}}},"3":{"name":"(anonymous_17)","decl":{"start":{"line":28,"column":2},"end":{"line":28,"column":15}},"loc":{"start":{"line":28,"column":2},"end":{"line":34,"column":null}}},"4":{"name":"(anonymous_20)","decl":{"start":{"line":36,"column":2},"end":{"line":36,"column":15}},"loc":{"start":{"line":36,"column":56},"end":{"line":46,"column":null}}},"5":{"name":"(anonymous_23)","decl":{"start":{"line":48,"column":2},"end":{"line":48,"column":9}},"loc":{"start":{"line":50,"column":18},"end":{"line":57,"column":3}}}},"branchMap":{"0":{"loc":{"start":{"line":17,"column":4},"end":{"line":23,"column":null}},"type":"if","locations":[{"start":{"line":17,"column":4},"end":{"line":23,"column":null}},{"start":{"line":17,"column":4},"end":{"line":23,"column":null}}]},"1":{"loc":{"start":{"line":18,"column":6},"end":{"line":18,"column":15}},"type":"binary-expr","locations":[{"start":{"line":18,"column":6},"end":{"line":18,"column":15}},{"start":{"line":19,"column":6},"end":{"line":19,"column":32}},{"start":{"line":20,"column":6},"end":{"line":20,"column":34}}]},"2":{"loc":{"start":{"line":33,"column":4},"end":{"line":33,"column":null}},"type":"switch","locations":[{"start":{"line":33,"column":4},"end":{"line":33,"column":null}}]},"3":{"loc":{"start":{"line":29,"column":4},"end":{"line":31,"column":null}},"type":"if","locations":[{"start":{"line":29,"column":4},"end":{"line":31,"column":null}},{"start":{"line":29,"column":4},"end":{"line":31,"column":null}}]},"4":{"loc":{"start":{"line":42,"column":6},"end":{"line":42,"column":null}},"type":"switch","locations":[{"start":{"line":42,"column":6},"end":{"line":42,"column":null}},{"start":{"line":45,"column":4},"end":{"line":45,"column":null}}]},"5":{"loc":{"start":{"line":39,"column":8},"end":{"line":39,"column":12}},"type":"if","locations":[{"start":{"line":39,"column":8},"end":{"line":39,"column":12}},{"start":{"line":39,"column":8},"end":{"line":39,"column":12}}]},"6":{"loc":{"start":{"line":50,"column":4},"end":{"line":50,"column":null}},"type":"if","locations":[{"start":{"line":50,"column":4},"end":{"line":50,"column":null}},{"start":{"line":50,"column":4},"end":{"line":50,"column":null}}]},"7":{"loc":{"start":{"line":52,"column":4},"end":{"line":54,"column":null}},"type":"if","locations":[{"start":{"line":52,"column":4},"end":{"line":54,"column":null}},{"start":{"line":52,"column":4},"end":{"line":54,"column":null}}]},"8":{"loc":{"start":{"line":52,"column":8},"end":{"line":52,"column":15}},"type":"binary-expr","locations":[{"start":{"line":52,"column":8},"end":{"line":52,"column":15}},{"start":{"line":52,"column":19},"end":{"line":52,"column":43}}]}},"s":{"0":8,"1":8,"2":8,"3":8,"4":19,"5":19,"6":8,"7":20,"8":4,"9":16,"10":8,"11":3,"12":1,"13":2,"14":2,"15":8,"16":8,"17":2,"18":2,"19":1,"20":3,"21":8,"22":43,"23":23,"24":4,"25":19,"26":8,"27":8},"f":{"0":8,"1":19,"2":20,"3":3,"4":5,"5":23},"b":{"0":[4,16],"1":[20,20,17],"2":[2],"3":[1,2],"4":[1,3],"5":[3,2],"6":[20,3],"7":[4,19],"8":[23,20]}}
,"C:\\Users\\luan\\Documents\\mycurte\\mycurte-backend\\src\\modules\\accounts\\domain\\user\\user.ts": {"path":"C:\\Users\\luan\\Documents\\mycurte\\mycurte-backend\\src\\modules\\accounts\\domain\\user\\user.ts","statementMap":{"0":{"start":{"line":1,"column":0},"end":{"line":1,"column":44}},"1":{"start":{"line":2,"column":0},"end":{"line":2,"column":50}},"2":{"start":{"line":20,"column":0},"end":{"line":20,"column":44}},"3":{"start":{"line":20,"column":26},"end":{"line":20,"column":32}},"4":{"start":{"line":38,"column":4},"end":{"line":38,"column":null}},"5":{"start":{"line":21,"column":2},"end":{"line":23,"column":null}},"6":{"start":{"line":22,"column":4},"end":{"line":22,"column":null}},"7":{"start":{"line":25,"column":2},"end":{"line":27,"column":null}},"8":{"start":{"line":26,"column":4},"end":{"line":26,"column":null}},"9":{"start":{"line":29,"column":2},"end":{"line":31,"column":null}},"10":{"start":{"line":30,"column":4},"end":{"line":30,"column":null}},"11":{"start":{"line":33,"column":2},"end":{"line":35,"column":null}},"12":{"start":{"line":34,"column":4},"end":{"line":34,"column":null}},"13":{"start":{"line":41,"column":9},"end":{"line":54,"column":null}},"14":{"start":{"line":51,"column":17},"end":{"line":51,"column":36}},"15":{"start":{"line":53,"column":4},"end":{"line":53,"column":null}},"16":{"start":{"line":55,"column":0},"end":{"line":55,"column":null}},"17":{"start":{"line":20,"column":13},"end":{"line":20,"column":17}}},"fnMap":{"0":{"name":"(anonymous_6)","decl":{"start":{"line":20,"column":0},"end":{"line":20,"column":13}},"loc":{"start":{"line":20,"column":0},"end":{"line":55,"column":null}}},"1":{"name":"User","decl":{"start":{"line":37,"column":2},"end":{"line":37,"column":22}},"loc":{"start":{"line":37,"column":52},"end":{"line":39,"column":3}}},"2":{"name":"(anonymous_8)","decl":{"start":{"line":21,"column":2},"end":{"line":21,"column":6}},"loc":{"start":{"line":21,"column":2},"end":{"line":23,"column":3}}},"3":{"name":"(anonymous_9)","decl":{"start":{"line":25,"column":2},"end":{"line":25,"column":6}},"loc":{"start":{"line":25,"column":2},"end":{"line":27,"column":3}}},"4":{"name":"(anonymous_10)","decl":{"start":{"line":29,"column":2},"end":{"line":29,"column":6}},"loc":{"start":{"line":29,"column":2},"end":{"line":31,"column":3}}},"5":{"name":"(anonymous_11)","decl":{"start":{"line":33,"column":2},"end":{"line":33,"column":6}},"loc":{"start":{"line":33,"column":2},"end":{"line":35,"column":3}}},"6":{"name":"(anonymous_12)","decl":{"start":{"line":41,"column":2},"end":{"line":41,"column":9}},"loc":{"start":{"line":43,"column":15},"end":{"line":54,"column":3}}}},"branchMap":{"0":{"loc":{"start":{"line":38,"column":4},"end":{"line":38,"column":20}},"type":"binary-expr","locations":[{"start":{"line":38,"column":4},"end":{"line":38,"column":20}},{"start":{"line":38,"column":20},"end":{"line":38,"column":null}}]}},"s":{"0":7,"1":7,"2":7,"3":7,"4":12,"5":7,"6":4,"7":7,"8":1,"9":7,"10":9,"11":7,"12":4,"13":7,"14":12,"15":12,"16":7,"17":7},"f":{"0":7,"1":12,"2":4,"3":1,"4":9,"5":4,"6":12},"b":{"0":[12,12]}}
,"C:\\Users\\luan\\Documents\\mycurte\\mycurte-backend\\src\\modules\\accounts\\domain\\user\\username.ts": {"path":"C:\\Users\\luan\\Documents\\mycurte\\mycurte-backend\\src\\modules\\accounts\\domain\\user\\username.ts","statementMap":{"0":{"start":{"line":1,"column":0},"end":{"line":1,"column":56}},"1":{"start":{"line":3,"column":0},"end":{"line":3,"column":80}},"2":{"start":{"line":5,"column":0},"end":{"line":5,"column":13}},"3":{"start":{"line":13,"column":4},"end":{"line":13,"column":null}},"4":{"start":{"line":8,"column":2},"end":{"line":10,"column":null}},"5":{"start":{"line":9,"column":4},"end":{"line":9,"column":null}},"6":{"start":{"line":16,"column":9},"end":{"line":32,"column":null}},"7":{"start":{"line":17,"column":4},"end":{"line":23,"column":null}},"8":{"start":{"line":22,"column":6},"end":{"line":22,"column":null}},"9":{"start":{"line":25,"column":18},"end":{"line":25,"column":57}},"10":{"start":{"line":27,"column":4},"end":{"line":29,"column":null}},"11":{"start":{"line":28,"column":6},"end":{"line":28,"column":null}},"12":{"start":{"line":31,"column":4},"end":{"line":31,"column":null}},"13":{"start":{"line":34,"column":9},"end":{"line":42,"column":null}},"14":{"start":{"line":37,"column":4},"end":{"line":39,"column":null}},"15":{"start":{"line":38,"column":6},"end":{"line":38,"column":null}},"16":{"start":{"line":41,"column":4},"end":{"line":41,"column":null}},"17":{"start":{"line":43,"column":0},"end":{"line":43,"column":null}},"18":{"start":{"line":5,"column":13},"end":{"line":5,"column":21}}},"fnMap":{"0":{"name":"(anonymous_0)","decl":{"start":{"line":5,"column":0},"end":{"line":5,"column":13}},"loc":{"start":{"line":5,"column":0},"end":{"line":43,"column":null}}},"1":{"name":"Username","decl":{"start":{"line":12,"column":2},"end":{"line":12,"column":22}},"loc":{"start":{"line":12,"column":38},"end":{"line":14,"column":3}}},"2":{"name":"(anonymous_2)","decl":{"start":{"line":8,"column":2},"end":{"line":8,"column":6}},"loc":{"start":{"line":8,"column":2},"end":{"line":10,"column":3}}},"3":{"name":"(anonymous_3)","decl":{"start":{"line":16,"column":2},"end":{"line":16,"column":9}},"loc":{"start":{"line":16,"column":34},"end":{"line":32,"column":3}}},"4":{"name":"(anonymous_4)","decl":{"start":{"line":34,"column":2},"end":{"line":34,"column":9}},"loc":{"start":{"line":35,"column":20},"end":{"line":42,"column":3}}}},"branchMap":{"0":{"loc":{"start":{"line":17,"column":4},"end":{"line":23,"column":null}},"type":"if","locations":[{"start":{"line":17,"column":4},"end":{"line":23,"column":null}},{"start":{"line":17,"column":4},"end":{"line":23,"column":null}}]},"1":{"loc":{"start":{"line":18,"column":6},"end":{"line":18,"column":15}},"type":"binary-expr","locations":[{"start":{"line":18,"column":6},"end":{"line":18,"column":15}},{"start":{"line":19,"column":6},"end":{"line":19,"column":32}},{"start":{"line":20,"column":6},"end":{"line":20,"column":33}}]},"2":{"loc":{"start":{"line":27,"column":4},"end":{"line":29,"column":null}},"type":"if","locations":[{"start":{"line":27,"column":4},"end":{"line":29,"column":null}},{"start":{"line":27,"column":4},"end":{"line":29,"column":null}}]},"3":{"loc":{"start":{"line":37,"column":4},"end":{"line":39,"column":null}},"type":"if","locations":[{"start":{"line":37,"column":4},"end":{"line":39,"column":null}},{"start":{"line":37,"column":4},"end":{"line":39,"column":null}}]}},"s":{"0":8,"1":8,"2":8,"3":12,"4":8,"5":4,"6":8,"7":16,"8":1,"9":15,"10":15,"11":3,"12":12,"13":8,"14":16,"15":4,"16":12,"17":8,"18":8},"f":{"0":8,"1":12,"2":4,"3":16,"4":16},"b":{"0":[1,15],"1":[16,16,16],"2":[3,12],"3":[4,12]}}
,"C:\\Users\\luan\\Documents\\mycurte\\mycurte-backend\\src\\modules\\accounts\\repositories\\in-memory\\InMemoryUsersRepository.ts": {"path":"C:\\Users\\luan\\Documents\\mycurte\\mycurte-backend\\src\\modules\\accounts\\repositories\\in-memory\\InMemoryUsersRepository.ts","statementMap":{"0":{"start":{"line":4,"column":0},"end":{"line":4,"column":13}},"1":{"start":{"line":5,"column":21},"end":{"line":5,"column":42}},"2":{"start":{"line":5,"column":21},"end":{"line":5,"column":39}},"3":{"start":{"line":7,"column":8},"end":{"line":9,"column":null}},"4":{"start":{"line":8,"column":4},"end":{"line":8,"column":null}},"5":{"start":{"line":8,"column":35},"end":{"line":8,"column":62}},"6":{"start":{"line":11,"column":8},"end":{"line":13,"column":null}},"7":{"start":{"line":12,"column":4},"end":{"line":12,"column":null}},"8":{"start":{"line":12,"column":35},"end":{"line":12,"column":68}},"9":{"start":{"line":15,"column":8},"end":{"line":17,"column":null}},"10":{"start":{"line":16,"column":4},"end":{"line":16,"column":null}},"11":{"start":{"line":16,"column":35},"end":{"line":16,"column":62}},"12":{"start":{"line":19,"column":8},"end":{"line":23,"column":null}},"13":{"start":{"line":20,"column":10},"end":{"line":20,"column":null}},"14":{"start":{"line":20,"column":55},"end":{"line":20,"column":79}},"15":{"start":{"line":22,"column":4},"end":{"line":22,"column":null}},"16":{"start":{"line":25,"column":8},"end":{"line":27,"column":null}},"17":{"start":{"line":26,"column":4},"end":{"line":26,"column":null}},"18":{"start":{"line":28,"column":0},"end":{"line":28,"column":null}},"19":{"start":{"line":4,"column":13},"end":{"line":4,"column":36}}},"fnMap":{"0":{"name":"(anonymous_13)","decl":{"start":{"line":4,"column":0},"end":{"line":4,"column":13}},"loc":{"start":{"line":4,"column":0},"end":{"line":28,"column":null}}},"1":{"name":"InMemoryUsersRepository","decl":{"start":{"line":5,"column":2},"end":{"line":5,"column":21}},"loc":{"start":{"line":5,"column":39},"end":{"line":5,"column":43}}},"2":{"name":"(anonymous_15)","decl":{"start":{"line":7,"column":2},"end":{"line":7,"column":8}},"loc":{"start":{"line":7,"column":33},"end":{"line":9,"column":null}}},"3":{"name":"(anonymous_18)","decl":{"start":{"line":8,"column":27},"end":{"line":8,"column":31}},"loc":{"start":{"line":8,"column":31},"end":{"line":8,"column":39}}},"4":{"name":"(anonymous_19)","decl":{"start":{"line":11,"column":2},"end":{"line":11,"column":8}},"loc":{"start":{"line":11,"column":39},"end":{"line":13,"column":null}}},"5":{"name":"(anonymous_22)","decl":{"start":{"line":12,"column":27},"end":{"line":12,"column":31}},"loc":{"start":{"line":12,"column":31},"end":{"line":12,"column":39}}},"6":{"name":"(anonymous_23)","decl":{"start":{"line":15,"column":2},"end":{"line":15,"column":8}},"loc":{"start":{"line":15,"column":33},"end":{"line":17,"column":null}}},"7":{"name":"(anonymous_26)","decl":{"start":{"line":16,"column":27},"end":{"line":16,"column":31}},"loc":{"start":{"line":16,"column":31},"end":{"line":16,"column":39}}},"8":{"name":"(anonymous_27)","decl":{"start":{"line":19,"column":2},"end":{"line":19,"column":8}},"loc":{"start":{"line":19,"column":23},"end":{"line":23,"column":null}}},"9":{"name":"(anonymous_30)","decl":{"start":{"line":20,"column":43},"end":{"line":20,"column":51}},"loc":{"start":{"line":20,"column":51},"end":{"line":20,"column":63}}},"10":{"name":"(anonymous_31)","decl":{"start":{"line":25,"column":2},"end":{"line":25,"column":8}},"loc":{"start":{"line":25,"column":25},"end":{"line":27,"column":null}}}},"branchMap":{"0":{"loc":{"start":{"line":5,"column":21},"end":{"line":5,"column":42}},"type":"if","locations":[{"start":{"line":5,"column":21},"end":{"line":5,"column":42}},{"start":{"line":5,"column":21},"end":{"line":5,"column":42}}]}},"s":{"0":2,"1":12,"2":6,"3":2,"4":3,"5":2,"6":2,"7":2,"8":1,"9":2,"10":3,"11":2,"12":2,"13":0,"14":0,"15":0,"16":2,"17":4,"18":2,"19":2},"f":{"0":2,"1":6,"2":3,"3":2,"4":2,"5":1,"6":3,"7":2,"8":0,"9":0,"10":4},"b":{"0":[6,0]}}
,"C:\\Users\\luan\\Documents\\mycurte\\mycurte-backend\\src\\modules\\accounts\\repositories\\prisma\\PrismaUsersRepository.ts": {"path":"C:\\Users\\luan\\Documents\\mycurte\\mycurte-backend\\src\\modules\\accounts\\repositories\\prisma\\PrismaUsersRepository.ts","statementMap":{"0":{"start":{"line":1,"column":0},"end":{"line":1,"column":45}},"1":{"start":{"line":3,"column":0},"end":{"line":3,"column":65}},"2":{"start":{"line":7,"column":0},"end":{"line":7,"column":13}},"3":{"start":{"line":8,"column":8},"end":{"line":14,"column":null}},"4":{"start":{"line":9,"column":23},"end":{"line":11,"column":null}},"5":{"start":{"line":9,"column":10},"end":{"line":11,"column":null}},"6":{"start":{"line":13,"column":4},"end":{"line":13,"column":null}},"7":{"start":{"line":16,"column":8},"end":{"line":22,"column":null}},"8":{"start":{"line":17,"column":23},"end":{"line":19,"column":null}},"9":{"start":{"line":17,"column":10},"end":{"line":19,"column":null}},"10":{"start":{"line":21,"column":4},"end":{"line":21,"column":null}},"11":{"start":{"line":24,"column":8},"end":{"line":34,"column":null}},"12":{"start":{"line":25,"column":17},"end":{"line":27,"column":null}},"13":{"start":{"line":25,"column":10},"end":{"line":27,"column":null}},"14":{"start":{"line":29,"column":4},"end":{"line":31,"column":null}},"15":{"start":{"line":30,"column":6},"end":{"line":30,"column":null}},"16":{"start":{"line":33,"column":4},"end":{"line":33,"column":null}},"17":{"start":{"line":36,"column":8},"end":{"line":40,"column":null}},"18":{"start":{"line":37,"column":17},"end":{"line":37,"column":null}},"19":{"start":{"line":37,"column":10},"end":{"line":37,"column":null}},"20":{"start":{"line":39,"column":4},"end":{"line":39,"column":null}},"21":{"start":{"line":41,"column":0},"end":{"line":41,"column":null}},"22":{"start":{"line":7,"column":13},"end":{"line":7,"column":34}}},"fnMap":{"0":{"name":"(anonymous_13)","decl":{"start":{"line":7,"column":0},"end":{"line":7,"column":13}},"loc":{"start":{"line":7,"column":0},"end":{"line":41,"column":null}}},"1":{"name":"(anonymous_15)","decl":{"start":{"line":8,"column":2},"end":{"line":8,"column":8}},"loc":{"start":{"line":8,"column":33},"end":{"line":14,"column":null}}},"2":{"name":"(anonymous_18)","decl":{"start":{"line":16,"column":2},"end":{"line":16,"column":8}},"loc":{"start":{"line":16,"column":39},"end":{"line":22,"column":null}}},"3":{"name":"(anonymous_21)","decl":{"start":{"line":24,"column":2},"end":{"line":24,"column":8}},"loc":{"start":{"line":24,"column":33},"end":{"line":34,"column":null}}},"4":{"name":"(anonymous_24)","decl":{"start":{"line":36,"column":2},"end":{"line":36,"column":8}},"loc":{"start":{"line":36,"column":25},"end":{"line":40,"column":null}}}},"branchMap":{"0":{"loc":{"start":{"line":9,"column":23},"end":{"line":11,"column":null}},"type":"switch","locations":[{"start":{"line":9,"column":23},"end":{"line":11,"column":null}}]},"1":{"loc":{"start":{"line":17,"column":23},"end":{"line":19,"column":null}},"type":"switch","locations":[{"start":{"line":17,"column":23},"end":{"line":19,"column":null}}]},"2":{"loc":{"start":{"line":25,"column":17},"end":{"line":27,"column":null}},"type":"switch","locations":[{"start":{"line":25,"column":17},"end":{"line":27,"column":null}}]},"3":{"loc":{"start":{"line":29,"column":4},"end":{"line":31,"column":null}},"type":"if","locations":[{"start":{"line":29,"column":4},"end":{"line":31,"column":null}},{"start":{"line":29,"column":4},"end":{"line":31,"column":null}}]},"4":{"loc":{"start":{"line":37,"column":17},"end":{"line":37,"column":null}},"type":"switch","locations":[{"start":{"line":37,"column":17},"end":{"line":37,"column":null}}]}},"s":{"0":3,"1":3,"2":3,"3":3,"4":1,"5":1,"6":1,"7":3,"8":1,"9":1,"10":1,"11":3,"12":1,"13":1,"14":1,"15":0,"16":1,"17":3,"18":1,"19":1,"20":2,"21":3,"22":3},"f":{"0":9,"1":1,"2":1,"3":1,"4":1},"b":{"0":[1],"1":[1],"2":[1],"3":[0,1],"4":[1]}}
,"C:\\Users\\luan\\Documents\\mycurte\\mycurte-backend\\src\\modules\\accounts\\useCases\\SignIn\\SignIn.ts": {"path":"C:\\Users\\luan\\Documents\\mycurte\\mycurte-backend\\src\\modules\\accounts\\useCases\\SignIn\\SignIn.ts","statementMap":{"0":{"start":{"line":1,"column":0},"end":{"line":1,"column":56}},"1":{"start":{"line":2,"column":0},"end":{"line":2,"column":59}},"2":{"start":{"line":3,"column":0},"end":{"line":3,"column":65}},"3":{"start":{"line":5,"column":0},"end":{"line":5,"column":43}},"4":{"start":{"line":7,"column":0},"end":{"line":7,"column":82}},"5":{"start":{"line":20,"column":0},"end":{"line":20,"column":13}},"6":{"start":{"line":21,"column":22},"end":{"line":21,"column":55}},"7":{"start":{"line":23,"column":8},"end":{"line":50,"column":null}},"8":{"start":{"line":23,"column":23},"end":{"line":23,"column":25}},"9":{"start":{"line":23,"column":33},"end":{"line":23,"column":50}},"10":{"start":{"line":24,"column":10},"end":{"line":24,"column":null}},"11":{"start":{"line":25,"column":10},"end":{"line":25,"column":null}},"12":{"start":{"line":27,"column":4},"end":{"line":29,"column":null}},"13":{"start":{"line":28,"column":6},"end":{"line":28,"column":null}},"14":{"start":{"line":31,"column":4},"end":{"line":33,"column":null}},"15":{"start":{"line":32,"column":6},"end":{"line":32,"column":null}},"16":{"start":{"line":35,"column":17},"end":{"line":35,"column":null}},"17":{"start":{"line":35,"column":10},"end":{"line":35,"column":null}},"18":{"start":{"line":37,"column":4},"end":{"line":39,"column":null}},"19":{"start":{"line":38,"column":6},"end":{"line":38,"column":null}},"20":{"start":{"line":41,"column":28},"end":{"line":41,"column":null}},"21":{"start":{"line":41,"column":10},"end":{"line":41,"column":null}},"22":{"start":{"line":43,"column":4},"end":{"line":45,"column":null}},"23":{"start":{"line":44,"column":6},"end":{"line":44,"column":null}},"24":{"start":{"line":47,"column":12},"end":{"line":47,"column":22}},"25":{"start":{"line":49,"column":4},"end":{"line":49,"column":null}},"26":{"start":{"line":51,"column":0},"end":{"line":51,"column":null}},"27":{"start":{"line":20,"column":13},"end":{"line":20,"column":19}}},"fnMap":{"0":{"name":"(anonymous_13)","decl":{"start":{"line":20,"column":0},"end":{"line":20,"column":13}},"loc":{"start":{"line":20,"column":0},"end":{"line":51,"column":null}}},"1":{"name":"SignIn","decl":{"start":{"line":21,"column":2},"end":{"line":21,"column":22}},"loc":{"start":{"line":21,"column":55},"end":{"line":21,"column":59}}},"2":{"name":"(anonymous_15)","decl":{"start":{"line":23,"column":2},"end":{"line":23,"column":8}},"loc":{"start":{"line":23,"column":50},"end":{"line":50,"column":null}}}},"branchMap":{"0":{"loc":{"start":{"line":27,"column":4},"end":{"line":29,"column":null}},"type":"if","locations":[{"start":{"line":27,"column":4},"end":{"line":29,"column":null}},{"start":{"line":27,"column":4},"end":{"line":29,"column":null}}]},"1":{"loc":{"start":{"line":31,"column":4},"end":{"line":33,"column":null}},"type":"if","locations":[{"start":{"line":31,"column":4},"end":{"line":33,"column":null}},{"start":{"line":31,"column":4},"end":{"line":33,"column":null}}]},"2":{"loc":{"start":{"line":37,"column":4},"end":{"line":39,"column":null}},"type":"if","locations":[{"start":{"line":37,"column":4},"end":{"line":39,"column":null}},{"start":{"line":37,"column":4},"end":{"line":39,"column":null}}]},"3":{"loc":{"start":{"line":43,"column":4},"end":{"line":45,"column":null}},"type":"if","locations":[{"start":{"line":43,"column":4},"end":{"line":45,"column":null}},{"start":{"line":43,"column":4},"end":{"line":45,"column":null}}]}},"s":{"0":4,"1":4,"2":4,"3":4,"4":4,"5":4,"6":6,"7":4,"8":5,"9":5,"10":5,"11":5,"12":5,"13":0,"14":5,"15":1,"16":4,"17":4,"18":4,"19":1,"20":3,"21":3,"22":3,"23":1,"24":2,"25":2,"26":4,"27":4},"f":{"0":4,"1":6,"2":5},"b":{"0":[0,5],"1":[1,4],"2":[1,3],"3":[1,2]}}
,"C:\\Users\\luan\\Documents\\mycurte\\mycurte-backend\\src\\modules\\accounts\\useCases\\SignIn\\SignInController.ts": {"path":"C:\\Users\\luan\\Documents\\mycurte\\mycurte-backend\\src\\modules\\accounts\\useCases\\SignIn\\SignInController.ts","statementMap":{"0":{"start":{"line":2,"column":0},"end":{"line":2,"column":78}},"1":{"start":{"line":11,"column":0},"end":{"line":11,"column":13}},"2":{"start":{"line":12,"column":22},"end":{"line":12,"column":36}},"3":{"start":{"line":14,"column":8},"end":{"line":36,"column":null}},"4":{"start":{"line":15,"column":9},"end":{"line":15,"column":null}},"5":{"start":{"line":16,"column":12},"end":{"line":16,"column":null}},"6":{"start":{"line":19,"column":21},"end":{"line":22,"column":null}},"7":{"start":{"line":19,"column":12},"end":{"line":22,"column":null}},"8":{"start":{"line":24,"column":6},"end":{"line":32,"column":null}},"9":{"start":{"line":25,"column":14},"end":{"line":25,"column":null}},"10":{"start":{"line":27,"column":8},"end":{"line":27,"column":null}},"11":{"start":{"line":29,"column":16},"end":{"line":29,"column":26}},"12":{"start":{"line":31,"column":8},"end":{"line":31,"column":null}},"13":{"start":{"line":34,"column":6},"end":{"line":34,"column":null}},"14":{"start":{"line":37,"column":0},"end":{"line":37,"column":null}},"15":{"start":{"line":11,"column":13},"end":{"line":11,"column":29}}},"fnMap":{"0":{"name":"(anonymous_13)","decl":{"start":{"line":11,"column":0},"end":{"line":11,"column":13}},"loc":{"start":{"line":11,"column":0},"end":{"line":37,"column":null}}},"1":{"name":"SignInController","decl":{"start":{"line":12,"column":2},"end":{"line":12,"column":22}},"loc":{"start":{"line":12,"column":36},"end":{"line":12,"column":40}}},"2":{"name":"(anonymous_15)","decl":{"start":{"line":14,"column":2},"end":{"line":14,"column":8}},"loc":{"start":{"line":17,"column":27},"end":{"line":36,"column":null}}}},"branchMap":{"0":{"loc":{"start":{"line":24,"column":6},"end":{"line":32,"column":null}},"type":"if","locations":[{"start":{"line":24,"column":6},"end":{"line":32,"column":null}},{"start":{"line":24,"column":6},"end":{"line":32,"column":null}}]}},"s":{"0":3,"1":3,"2":3,"3":3,"4":2,"5":2,"6":2,"7":2,"8":2,"9":1,"10":1,"11":1,"12":1,"13":0,"14":3,"15":3},"f":{"0":3,"1":3,"2":2},"b":{"0":[1,1]}}
,"C:\\Users\\luan\\Documents\\mycurte\\mycurte-backend\\src\\modules\\accounts\\useCases\\SignUp\\SignUp.ts": {"path":"C:\\Users\\luan\\Documents\\mycurte\\mycurte-backend\\src\\modules\\accounts\\useCases\\SignUp\\SignUp.ts","statementMap":{"0":{"start":{"line":1,"column":0},"end":{"line":1,"column":56}},"1":{"start":{"line":2,"column":0},"end":{"line":2,"column":59}},"2":{"start":{"line":7,"column":0},"end":{"line":7,"column":57}},"3":{"start":{"line":8,"column":0},"end":{"line":8,"column":65}},"4":{"start":{"line":9,"column":0},"end":{"line":9,"column":57}},"5":{"start":{"line":10,"column":0},"end":{"line":10,"column":65}},"6":{"start":{"line":13,"column":0},"end":{"line":13,"column":88}},"7":{"start":{"line":14,"column":0},"end":{"line":14,"column":89}},"8":{"start":{"line":33,"column":0},"end":{"line":33,"column":13}},"9":{"start":{"line":34,"column":22},"end":{"line":34,"column":55}},"10":{"start":{"line":36,"column":8},"end":{"line":95,"column":null}},"11":{"start":{"line":37,"column":12},"end":{"line":37,"column":null}},"12":{"start":{"line":38,"column":8},"end":{"line":38,"column":null}},"13":{"start":{"line":39,"column":9},"end":{"line":39,"column":null}},"14":{"start":{"line":40,"column":12},"end":{"line":40,"column":null}},"15":{"start":{"line":42,"column":10},"end":{"line":42,"column":null}},"16":{"start":{"line":43,"column":10},"end":{"line":43,"column":null}},"17":{"start":{"line":44,"column":10},"end":{"line":44,"column":null}},"18":{"start":{"line":45,"column":10},"end":{"line":45,"column":null}},"19":{"start":{"line":47,"column":4},"end":{"line":49,"column":null}},"20":{"start":{"line":48,"column":6},"end":{"line":48,"column":null}},"21":{"start":{"line":51,"column":4},"end":{"line":53,"column":null}},"22":{"start":{"line":52,"column":6},"end":{"line":52,"column":null}},"23":{"start":{"line":55,"column":4},"end":{"line":57,"column":null}},"24":{"start":{"line":56,"column":6},"end":{"line":56,"column":null}},"25":{"start":{"line":59,"column":4},"end":{"line":61,"column":null}},"26":{"start":{"line":60,"column":6},"end":{"line":60,"column":null}},"27":{"start":{"line":63,"column":10},"end":{"line":68,"column":null}},"28":{"start":{"line":70,"column":4},"end":{"line":72,"column":null}},"29":{"start":{"line":71,"column":6},"end":{"line":71,"column":null}},"30":{"start":{"line":74,"column":10},"end":{"line":74,"column":null}},"31":{"start":{"line":76,"column":35},"end":{"line":78,"column":null}},"32":{"start":{"line":76,"column":10},"end":{"line":78,"column":null}},"33":{"start":{"line":80,"column":4},"end":{"line":82,"column":null}},"34":{"start":{"line":81,"column":6},"end":{"line":81,"column":null}},"35":{"start":{"line":84,"column":34},"end":{"line":86,"column":null}},"36":{"start":{"line":84,"column":10},"end":{"line":86,"column":null}},"37":{"start":{"line":88,"column":4},"end":{"line":90,"column":null}},"38":{"start":{"line":89,"column":6},"end":{"line":89,"column":null}},"39":{"start":{"line":92,"column":4},"end":{"line":92,"column":null}},"40":{"start":{"line":94,"column":4},"end":{"line":94,"column":null}},"41":{"start":{"line":96,"column":0},"end":{"line":96,"column":null}},"42":{"start":{"line":33,"column":13},"end":{"line":33,"column":19}}},"fnMap":{"0":{"name":"(anonymous_13)","decl":{"start":{"line":33,"column":0},"end":{"line":33,"column":13}},"loc":{"start":{"line":33,"column":0},"end":{"line":96,"column":null}}},"1":{"name":"SignUp","decl":{"start":{"line":34,"column":2},"end":{"line":34,"column":22}},"loc":{"start":{"line":34,"column":55},"end":{"line":34,"column":59}}},"2":{"name":"(anonymous_15)","decl":{"start":{"line":36,"column":2},"end":{"line":36,"column":8}},"loc":{"start":{"line":41,"column":18},"end":{"line":95,"column":null}}}},"branchMap":{"0":{"loc":{"start":{"line":47,"column":4},"end":{"line":49,"column":null}},"type":"if","locations":[{"start":{"line":47,"column":4},"end":{"line":49,"column":null}},{"start":{"line":47,"column":4},"end":{"line":49,"column":null}}]},"1":{"loc":{"start":{"line":51,"column":4},"end":{"line":53,"column":null}},"type":"if","locations":[{"start":{"line":51,"column":4},"end":{"line":53,"column":null}},{"start":{"line":51,"column":4},"end":{"line":53,"column":null}}]},"2":{"loc":{"start":{"line":55,"column":4},"end":{"line":57,"column":null}},"type":"if","locations":[{"start":{"line":55,"column":4},"end":{"line":57,"column":null}},{"start":{"line":55,"column":4},"end":{"line":57,"column":null}}]},"3":{"loc":{"start":{"line":59,"column":4},"end":{"line":61,"column":null}},"type":"if","locations":[{"start":{"line":59,"column":4},"end":{"line":61,"column":null}},{"start":{"line":59,"column":4},"end":{"line":61,"column":null}}]},"4":{"loc":{"start":{"line":70,"column":4},"end":{"line":72,"column":null}},"type":"if","locations":[{"start":{"line":70,"column":4},"end":{"line":72,"column":null}},{"start":{"line":70,"column":4},"end":{"line":72,"column":null}}]},"5":{"loc":{"start":{"line":80,"column":4},"end":{"line":82,"column":null}},"type":"if","locations":[{"start":{"line":80,"column":4},"end":{"line":82,"column":null}},{"start":{"line":80,"column":4},"end":{"line":82,"column":null}}]},"6":{"loc":{"start":{"line":88,"column":4},"end":{"line":90,"column":null}},"type":"if","locations":[{"start":{"line":88,"column":4},"end":{"line":90,"column":null}},{"start":{"line":88,"column":4},"end":{"line":90,"column":null}}]}},"s":{"0":4,"1":4,"2":4,"3":4,"4":4,"5":4,"6":4,"7":4,"8":4,"9":6,"10":4,"11":4,"12":4,"13":4,"14":4,"15":4,"16":4,"17":4,"18":4,"19":4,"20":0,"21":4,"22":0,"23":4,"24":0,"25":4,"26":1,"27":3,"28":3,"29":0,"30":3,"31":3,"32":3,"33":3,"34":1,"35":2,"36":2,"37":2,"38":0,"39":4,"40":2,"41":4,"42":4},"f":{"0":4,"1":6,"2":4},"b":{"0":[0,4],"1":[0,4],"2":[0,4],"3":[1,3],"4":[0,3],"5":[1,2],"6":[0,2]}}
,"C:\\Users\\luan\\Documents\\mycurte\\mycurte-backend\\src\\modules\\accounts\\useCases\\SignUp\\SignUpController.ts": {"path":"C:\\Users\\luan\\Documents\\mycurte\\mycurte-backend\\src\\modules\\accounts\\useCases\\SignUp\\SignUpController.ts","statementMap":{"0":{"start":{"line":2,"column":0},"end":{"line":2,"column":null}},"1":{"start":{"line":11,"column":0},"end":{"line":11,"column":88}},"2":{"start":{"line":12,"column":0},"end":{"line":12,"column":89}},"3":{"start":{"line":23,"column":0},"end":{"line":23,"column":13}},"4":{"start":{"line":25,"column":21},"end":{"line":25,"column":66}},"5":{"start":{"line":26,"column":12},"end":{"line":26,"column":32}},"6":{"start":{"line":29,"column":8},"end":{"line":63,"column":null}},"7":{"start":{"line":31,"column":12},"end":{"line":31,"column":null}},"8":{"start":{"line":33,"column":6},"end":{"line":35,"column":null}},"9":{"start":{"line":34,"column":8},"end":{"line":34,"column":null}},"10":{"start":{"line":37,"column":14},"end":{"line":37,"column":50}},"11":{"start":{"line":39,"column":21},"end":{"line":44,"column":null}},"12":{"start":{"line":39,"column":12},"end":{"line":44,"column":null}},"13":{"start":{"line":46,"column":6},"end":{"line":59,"column":null}},"14":{"start":{"line":47,"column":14},"end":{"line":47,"column":null}},"15":{"start":{"line":49,"column":8},"end":{"line":56,"column":null}},"16":{"start":{"line":51,"column":12},"end":{"line":51,"column":null}},"17":{"start":{"line":53,"column":12},"end":{"line":53,"column":null}},"18":{"start":{"line":55,"column":12},"end":{"line":55,"column":null}},"19":{"start":{"line":58,"column":8},"end":{"line":58,"column":null}},"20":{"start":{"line":61,"column":6},"end":{"line":61,"column":null}},"21":{"start":{"line":64,"column":0},"end":{"line":64,"column":null}},"22":{"start":{"line":23,"column":13},"end":{"line":23,"column":29}}},"fnMap":{"0":{"name":"(anonymous_13)","decl":{"start":{"line":23,"column":0},"end":{"line":23,"column":13}},"loc":{"start":{"line":23,"column":0},"end":{"line":64,"column":null}}},"1":{"name":"SignUpController","decl":{"start":{"line":24,"column":2},"end":{"line":24,"column":null}},"loc":{"start":{"line":26,"column":32},"end":{"line":27,"column":6}}},"2":{"name":"(anonymous_15)","decl":{"start":{"line":29,"column":2},"end":{"line":29,"column":8}},"loc":{"start":{"line":29,"column":47},"end":{"line":63,"column":null}}}},"branchMap":{"0":{"loc":{"start":{"line":33,"column":6},"end":{"line":35,"column":null}},"type":"if","locations":[{"start":{"line":33,"column":6},"end":{"line":35,"column":null}},{"start":{"line":33,"column":6},"end":{"line":35,"column":null}}]},"1":{"loc":{"start":{"line":46,"column":6},"end":{"line":59,"column":null}},"type":"if","locations":[{"start":{"line":46,"column":6},"end":{"line":59,"column":null}},{"start":{"line":46,"column":6},"end":{"line":59,"column":null}}]},"2":{"loc":{"start":{"line":50,"column":10},"end":{"line":51,"column":null}},"type":"switch","locations":[{"start":{"line":50,"column":10},"end":{"line":51,"column":null}},{"start":{"line":52,"column":10},"end":{"line":53,"column":null}},{"start":{"line":54,"column":10},"end":{"line":55,"column":null}}]}},"s":{"0":3,"1":3,"2":3,"3":3,"4":3,"5":3,"6":3,"7":3,"8":3,"9":2,"10":1,"11":1,"12":1,"13":1,"14":0,"15":0,"16":0,"17":0,"18":0,"19":1,"20":0,"21":3,"22":3},"f":{"0":3,"1":3,"2":3},"b":{"0":[2,1],"1":[0,1],"2":[0,0,0]}}
,"C:\\Users\\luan\\Documents\\mycurte\\mycurte-backend\\src\\modules\\posts\\domain\\post\\content.ts": {"path":"C:\\Users\\luan\\Documents\\mycurte\\mycurte-backend\\src\\modules\\posts\\domain\\post\\content.ts","statementMap":{"0":{"start":{"line":1,"column":0},"end":{"line":1,"column":56}},"1":{"start":{"line":3,"column":0},"end":{"line":3,"column":78}},"2":{"start":{"line":5,"column":0},"end":{"line":5,"column":13}},"3":{"start":{"line":13,"column":4},"end":{"line":13,"column":null}},"4":{"start":{"line":8,"column":2},"end":{"line":10,"column":null}},"5":{"start":{"line":9,"column":4},"end":{"line":9,"column":null}},"6":{"start":{"line":16,"column":9},"end":{"line":22,"column":null}},"7":{"start":{"line":17,"column":4},"end":{"line":19,"column":null}},"8":{"start":{"line":18,"column":6},"end":{"line":18,"column":null}},"9":{"start":{"line":21,"column":4},"end":{"line":21,"column":null}},"10":{"start":{"line":24,"column":9},"end":{"line":30,"column":null}},"11":{"start":{"line":25,"column":4},"end":{"line":27,"column":null}},"12":{"start":{"line":26,"column":6},"end":{"line":26,"column":null}},"13":{"start":{"line":29,"column":4},"end":{"line":29,"column":null}},"14":{"start":{"line":31,"column":0},"end":{"line":31,"column":null}},"15":{"start":{"line":5,"column":13},"end":{"line":5,"column":20}}},"fnMap":{"0":{"name":"(anonymous_0)","decl":{"start":{"line":5,"column":0},"end":{"line":5,"column":13}},"loc":{"start":{"line":5,"column":0},"end":{"line":31,"column":null}}},"1":{"name":"Content","decl":{"start":{"line":12,"column":2},"end":{"line":12,"column":22}},"loc":{"start":{"line":12,"column":37},"end":{"line":14,"column":3}}},"2":{"name":"(anonymous_2)","decl":{"start":{"line":8,"column":2},"end":{"line":8,"column":6}},"loc":{"start":{"line":8,"column":2},"end":{"line":10,"column":3}}},"3":{"name":"(anonymous_3)","decl":{"start":{"line":16,"column":2},"end":{"line":16,"column":9}},"loc":{"start":{"line":16,"column":33},"end":{"line":22,"column":3}}},"4":{"name":"(anonymous_4)","decl":{"start":{"line":24,"column":2},"end":{"line":24,"column":9}},"loc":{"start":{"line":24,"column":31},"end":{"line":30,"column":3}}}},"branchMap":{"0":{"loc":{"start":{"line":17,"column":4},"end":{"line":19,"column":null}},"type":"if","locations":[{"start":{"line":17,"column":4},"end":{"line":19,"column":null}},{"start":{"line":17,"column":4},"end":{"line":19,"column":null}}]},"1":{"loc":{"start":{"line":17,"column":8},"end":{"line":17,"column":16}},"type":"binary-expr","locations":[{"start":{"line":17,"column":8},"end":{"line":17,"column":16}},{"start":{"line":17,"column":20},"end":{"line":17,"column":45}},{"start":{"line":17,"column":49},"end":{"line":17,"column":76}}]},"2":{"loc":{"start":{"line":25,"column":4},"end":{"line":27,"column":null}},"type":"if","locations":[{"start":{"line":25,"column":4},"end":{"line":27,"column":null}},{"start":{"line":25,"column":4},"end":{"line":27,"column":null}}]}},"s":{"0":6,"1":6,"2":6,"3":3,"4":6,"5":0,"6":6,"7":5,"8":2,"9":3,"10":6,"11":5,"12":2,"13":3,"14":6,"15":6},"f":{"0":6,"1":3,"2":0,"3":5,"4":5},"b":{"0":[2,3],"1":[5,5,4],"2":[2,3]}}
,"C:\\Users\\luan\\Documents\\mycurte\\mycurte-backend\\src\\modules\\posts\\domain\\post\\post.ts": {"path":"C:\\Users\\luan\\Documents\\mycurte\\mycurte-backend\\src\\modules\\posts\\domain\\post\\post.ts","statementMap":{"0":{"start":{"line":1,"column":0},"end":{"line":1,"column":44}},"1":{"start":{"line":2,"column":0},"end":{"line":2,"column":50}},"2":{"start":{"line":15,"column":0},"end":{"line":15,"column":44}},"3":{"start":{"line":15,"column":26},"end":{"line":15,"column":32}},"4":{"start":{"line":37,"column":4},"end":{"line":37,"column":null}},"5":{"start":{"line":16,"column":2},"end":{"line":18,"column":null}},"6":{"start":{"line":17,"column":4},"end":{"line":17,"column":null}},"7":{"start":{"line":20,"column":2},"end":{"line":22,"column":null}},"8":{"start":{"line":21,"column":4},"end":{"line":21,"column":null}},"9":{"start":{"line":24,"column":2},"end":{"line":26,"column":null}},"10":{"start":{"line":25,"column":4},"end":{"line":25,"column":null}},"11":{"start":{"line":28,"column":2},"end":{"line":30,"column":null}},"12":{"start":{"line":29,"column":4},"end":{"line":29,"column":null}},"13":{"start":{"line":32,"column":2},"end":{"line":34,"column":null}},"14":{"start":{"line":33,"column":4},"end":{"line":33,"column":null}},"15":{"start":{"line":40,"column":9},"end":{"line":47,"column":null}},"16":{"start":{"line":44,"column":17},"end":{"line":44,"column":36}},"17":{"start":{"line":46,"column":4},"end":{"line":46,"column":null}},"18":{"start":{"line":48,"column":0},"end":{"line":48,"column":null}},"19":{"start":{"line":15,"column":13},"end":{"line":15,"column":17}}},"fnMap":{"0":{"name":"(anonymous_6)","decl":{"start":{"line":15,"column":0},"end":{"line":15,"column":13}},"loc":{"start":{"line":15,"column":0},"end":{"line":48,"column":null}}},"1":{"name":"Post","decl":{"start":{"line":36,"column":2},"end":{"line":36,"column":22}},"loc":{"start":{"line":36,"column":52},"end":{"line":38,"column":3}}},"2":{"name":"(anonymous_8)","decl":{"start":{"line":16,"column":2},"end":{"line":16,"column":6}},"loc":{"start":{"line":16,"column":2},"end":{"line":18,"column":3}}},"3":{"name":"(anonymous_9)","decl":{"start":{"line":20,"column":2},"end":{"line":20,"column":6}},"loc":{"start":{"line":20,"column":2},"end":{"line":22,"column":3}}},"4":{"name":"(anonymous_10)","decl":{"start":{"line":24,"column":2},"end":{"line":24,"column":6}},"loc":{"start":{"line":24,"column":2},"end":{"line":26,"column":3}}},"5":{"name":"(anonymous_11)","decl":{"start":{"line":28,"column":2},"end":{"line":28,"column":6}},"loc":{"start":{"line":28,"column":2},"end":{"line":30,"column":3}}},"6":{"name":"(anonymous_12)","decl":{"start":{"line":32,"column":2},"end":{"line":32,"column":6}},"loc":{"start":{"line":32,"column":2},"end":{"line":34,"column":3}}},"7":{"name":"(anonymous_13)","decl":{"start":{"line":40,"column":2},"end":{"line":40,"column":9}},"loc":{"start":{"line":42,"column":15},"end":{"line":47,"column":3}}}},"branchMap":{"0":{"loc":{"start":{"line":37,"column":4},"end":{"line":37,"column":20}},"type":"binary-expr","locations":[{"start":{"line":37,"column":4},"end":{"line":37,"column":20}},{"start":{"line":37,"column":20},"end":{"line":37,"column":null}}]}},"s":{"0":5,"1":5,"2":5,"3":5,"4":2,"5":5,"6":0,"7":5,"8":0,"9":5,"10":0,"11":5,"12":0,"13":5,"14":0,"15":5,"16":2,"17":2,"18":5,"19":5},"f":{"0":5,"1":2,"2":0,"3":0,"4":0,"5":0,"6":0,"7":2},"b":{"0":[2,2]}}
,"C:\\Users\\luan\\Documents\\mycurte\\mycurte-backend\\src\\modules\\posts\\repositories\\in-memory\\InMemoryPostsRepository.ts": {"path":"C:\\Users\\luan\\Documents\\mycurte\\mycurte-backend\\src\\modules\\posts\\repositories\\in-memory\\InMemoryPostsRepository.ts","statementMap":{"0":{"start":{"line":5,"column":0},"end":{"line":5,"column":13}},"1":{"start":{"line":6,"column":21},"end":{"line":6,"column":42}},"2":{"start":{"line":6,"column":21},"end":{"line":6,"column":39}},"3":{"start":{"line":8,"column":8},"end":{"line":10,"column":null}},"4":{"start":{"line":9,"column":4},"end":{"line":9,"column":null}},"5":{"start":{"line":12,"column":8},"end":{"line":14,"column":null}},"6":{"start":{"line":13,"column":4},"end":{"line":13,"column":null}},"7":{"start":{"line":13,"column":35},"end":{"line":13,"column":50}},"8":{"start":{"line":15,"column":0},"end":{"line":15,"column":null}},"9":{"start":{"line":5,"column":13},"end":{"line":5,"column":36}}},"fnMap":{"0":{"name":"(anonymous_13)","decl":{"start":{"line":5,"column":0},"end":{"line":5,"column":13}},"loc":{"start":{"line":5,"column":0},"end":{"line":15,"column":null}}},"1":{"name":"InMemoryPostsRepository","decl":{"start":{"line":6,"column":2},"end":{"line":6,"column":21}},"loc":{"start":{"line":6,"column":39},"end":{"line":6,"column":43}}},"2":{"name":"(anonymous_15)","decl":{"start":{"line":8,"column":2},"end":{"line":8,"column":8}},"loc":{"start":{"line":8,"column":25},"end":{"line":10,"column":null}}},"3":{"name":"(anonymous_18)","decl":{"start":{"line":12,"column":2},"end":{"line":12,"column":8}},"loc":{"start":{"line":12,"column":27},"end":{"line":14,"column":null}}},"4":{"name":"(anonymous_21)","decl":{"start":{"line":13,"column":27},"end":{"line":13,"column":31}},"loc":{"start":{"line":13,"column":31},"end":{"line":13,"column":39}}}},"branchMap":{"0":{"loc":{"start":{"line":6,"column":21},"end":{"line":6,"column":42}},"type":"if","locations":[{"start":{"line":6,"column":21},"end":{"line":6,"column":42}},{"start":{"line":6,"column":21},"end":{"line":6,"column":42}}]}},"s":{"0":1,"1":2,"2":1,"3":1,"4":1,"5":1,"6":0,"7":0,"8":1,"9":1},"f":{"0":1,"1":1,"2":1,"3":0,"4":0},"b":{"0":[1,0]}}
,"C:\\Users\\luan\\Documents\\mycurte\\mycurte-backend\\src\\modules\\posts\\repositories\\prisma\\PrismaPostsRepository.ts": {"path":"C:\\Users\\luan\\Documents\\mycurte\\mycurte-backend\\src\\modules\\posts\\repositories\\prisma\\PrismaPostsRepository.ts","statementMap":{"0":{"start":{"line":1,"column":0},"end":{"line":1,"column":45}},"1":{"start":{"line":3,"column":0},"end":{"line":3,"column":62}},"2":{"start":{"line":7,"column":0},"end":{"line":7,"column":13}},"3":{"start":{"line":8,"column":8},"end":{"line":14,"column":null}},"4":{"start":{"line":9,"column":10},"end":{"line":9,"column":null}},"5":{"start":{"line":11,"column":4},"end":{"line":13,"column":null}},"6":{"start":{"line":16,"column":8},"end":{"line":26,"column":null}},"7":{"start":{"line":17,"column":17},"end":{"line":19,"column":null}},"8":{"start":{"line":17,"column":10},"end":{"line":19,"column":null}},"9":{"start":{"line":21,"column":4},"end":{"line":23,"column":null}},"10":{"start":{"line":22,"column":6},"end":{"line":22,"column":null}},"11":{"start":{"line":25,"column":4},"end":{"line":25,"column":null}},"12":{"start":{"line":27,"column":0},"end":{"line":27,"column":null}},"13":{"start":{"line":7,"column":13},"end":{"line":7,"column":34}}},"fnMap":{"0":{"name":"(anonymous_13)","decl":{"start":{"line":7,"column":0},"end":{"line":7,"column":13}},"loc":{"start":{"line":7,"column":0},"end":{"line":27,"column":null}}},"1":{"name":"(anonymous_15)","decl":{"start":{"line":8,"column":2},"end":{"line":8,"column":8}},"loc":{"start":{"line":8,"column":25},"end":{"line":14,"column":null}}},"2":{"name":"(anonymous_18)","decl":{"start":{"line":16,"column":2},"end":{"line":16,"column":8}},"loc":{"start":{"line":16,"column":27},"end":{"line":26,"column":null}}}},"branchMap":{"0":{"loc":{"start":{"line":17,"column":17},"end":{"line":19,"column":null}},"type":"switch","locations":[{"start":{"line":17,"column":17},"end":{"line":19,"column":null}}]},"1":{"loc":{"start":{"line":21,"column":4},"end":{"line":23,"column":null}},"type":"if","locations":[{"start":{"line":21,"column":4},"end":{"line":23,"column":null}},{"start":{"line":21,"column":4},"end":{"line":23,"column":null}}]}},"s":{"0":3,"1":3,"2":3,"3":3,"4":0,"5":0,"6":3,"7":0,"8":0,"9":0,"10":0,"11":0,"12":3,"13":3},"f":{"0":6,"1":0,"2":0},"b":{"0":[0],"1":[0,0]}}
,"C:\\Users\\luan\\Documents\\mycurte\\mycurte-backend\\src\\modules\\posts\\useCases\\CreatePost\\CreatePost.ts": {"path":"C:\\Users\\luan\\Documents\\mycurte\\mycurte-backend\\src\\modules\\posts\\useCases\\CreatePost\\CreatePost.ts","statementMap":{"0":{"start":{"line":3,"column":0},"end":{"line":3,"column":56}},"1":{"start":{"line":5,"column":0},"end":{"line":5,"column":60}},"2":{"start":{"line":6,"column":0},"end":{"line":6,"column":54}},"3":{"start":{"line":9,"column":0},"end":{"line":9,"column":60}},"4":{"start":{"line":21,"column":0},"end":{"line":21,"column":13}},"5":{"start":{"line":23,"column":12},"end":{"line":23,"column":56}},"6":{"start":{"line":24,"column":12},"end":{"line":24,"column":48}},"7":{"start":{"line":27,"column":8},"end":{"line":75,"column":null}},"8":{"start":{"line":28,"column":13},"end":{"line":28,"column":null}},"9":{"start":{"line":29,"column":11},"end":{"line":29,"column":null}},"10":{"start":{"line":30,"column":8},"end":{"line":30,"column":null}},"11":{"start":{"line":31,"column":21},"end":{"line":31,"column":null}},"12":{"start":{"line":32,"column":22},"end":{"line":32,"column":null}},"13":{"start":{"line":34,"column":10},"end":{"line":34,"column":null}},"14":{"start":{"line":36,"column":4},"end":{"line":38,"column":null}},"15":{"start":{"line":37,"column":6},"end":{"line":37,"column":null}},"16":{"start":{"line":40,"column":8},"end":{"line":40,"column":25}},"17":{"start":{"line":41,"column":6},"end":{"line":41,"column":null}},"18":{"start":{"line":42,"column":15},"end":{"line":42,"column":32}},"19":{"start":{"line":43,"column":25},"end":{"line":45,"column":null}},"20":{"start":{"line":43,"column":12},"end":{"line":45,"column":null}},"21":{"start":{"line":47,"column":6},"end":{"line":49,"column":null}},"22":{"start":{"line":48,"column":8},"end":{"line":48,"column":null}},"23":{"start":{"line":54,"column":8},"end":{"line":54,"column":12}},"24":{"start":{"line":55,"column":25},"end":{"line":55,"column":null}},"25":{"start":{"line":55,"column":6},"end":{"line":55,"column":null}},"26":{"start":{"line":58,"column":10},"end":{"line":64,"column":null}},"27":{"start":{"line":66,"column":4},"end":{"line":68,"column":null}},"28":{"start":{"line":67,"column":6},"end":{"line":67,"column":null}},"29":{"start":{"line":70,"column":10},"end":{"line":70,"column":null}},"30":{"start":{"line":72,"column":4},"end":{"line":72,"column":null}},"31":{"start":{"line":74,"column":4},"end":{"line":74,"column":null}},"32":{"start":{"line":76,"column":0},"end":{"line":76,"column":null}},"33":{"start":{"line":21,"column":13},"end":{"line":21,"column":23}}},"fnMap":{"0":{"name":"(anonymous_13)","decl":{"start":{"line":21,"column":0},"end":{"line":21,"column":13}},"loc":{"start":{"line":21,"column":0},"end":{"line":76,"column":null}}},"1":{"name":"CreatePost","decl":{"start":{"line":22,"column":2},"end":{"line":22,"column":null}},"loc":{"start":{"line":24,"column":48},"end":{"line":25,"column":6}}},"2":{"name":"(anonymous_15)","decl":{"start":{"line":27,"column":2},"end":{"line":27,"column":8}},"loc":{"start":{"line":33,"column":22},"end":{"line":75,"column":null}}}},"branchMap":{"0":{"loc":{"start":{"line":36,"column":4},"end":{"line":38,"column":null}},"type":"if","locations":[{"start":{"line":36,"column":4},"end":{"line":38,"column":null}},{"start":{"line":36,"column":4},"end":{"line":38,"column":null}}]},"1":{"loc":{"start":{"line":40,"column":8},"end":{"line":40,"column":25}},"type":"if","locations":[{"start":{"line":40,"column":8},"end":{"line":40,"column":25}},{"start":{"line":40,"column":8},"end":{"line":40,"column":25}}]},"2":{"loc":{"start":{"line":40,"column":8},"end":{"line":40,"column":25}},"type":"binary-expr","locations":[{"start":{"line":40,"column":8},"end":{"line":40,"column":25}},{"start":{"line":40,"column":29},"end":{"line":40,"column":47}}]},"3":{"loc":{"start":{"line":42,"column":15},"end":{"line":42,"column":32}},"type":"if","locations":[{"start":{"line":42,"column":15},"end":{"line":42,"column":32}},{"start":{"line":42,"column":15},"end":{"line":42,"column":32}}]},"4":{"loc":{"start":{"line":42,"column":15},"end":{"line":42,"column":32}},"type":"binary-expr","locations":[{"start":{"line":42,"column":15},"end":{"line":42,"column":32}},{"start":{"line":42,"column":36},"end":{"line":42,"column":54}}]},"5":{"loc":{"start":{"line":44,"column":8},"end":{"line":44,"column":25}},"type":"binary-expr","locations":[{"start":{"line":44,"column":8},"end":{"line":44,"column":25}},{"start":{"line":44,"column":29},"end":{"line":44,"column":47}}]},"6":{"loc":{"start":{"line":47,"column":6},"end":{"line":49,"column":null}},"type":"if","locations":[{"start":{"line":47,"column":6},"end":{"line":49,"column":null}},{"start":{"line":47,"column":6},"end":{"line":49,"column":null}}]},"7":{"loc":{"start":{"line":54,"column":8},"end":{"line":54,"column":12}},"type":"if","locations":[{"start":{"line":54,"column":8},"end":{"line":54,"column":12}},{"start":{"line":54,"column":8},"end":{"line":54,"column":12}}]},"8":{"loc":{"start":{"line":66,"column":4},"end":{"line":68,"column":null}},"type":"if","locations":[{"start":{"line":66,"column":4},"end":{"line":68,"column":null}},{"start":{"line":66,"column":4},"end":{"line":68,"column":null}}]}},"s":{"0":4,"1":4,"2":4,"3":4,"4":4,"5":4,"6":4,"7":4,"8":1,"9":1,"10":1,"11":1,"12":1,"13":1,"14":1,"15":0,"16":2,"17":0,"18":2,"19":0,"20":0,"21":0,"22":0,"23":2,"24":0,"25":0,"26":1,"27":1,"28":0,"29":1,"30":2,"31":1,"32":4,"33":4},"f":{"0":4,"1":4,"2":1},"b":{"0":[0,1],"1":[1,0],"2":[1,0],"3":[1,0],"4":[1,1],"5":[0,0],"6":[0,0],"7":[1,0],"8":[0,1]}}
,"C:\\Users\\luan\\Documents\\mycurte\\mycurte-backend\\src\\modules\\posts\\useCases\\CreatePost\\CreatePostController.ts": {"path":"C:\\Users\\luan\\Documents\\mycurte\\mycurte-backend\\src\\modules\\posts\\useCases\\CreatePost\\CreatePostController.ts","statementMap":{"0":{"start":{"line":4,"column":0},"end":{"line":4,"column":78}},"1":{"start":{"line":16,"column":0},"end":{"line":16,"column":13}},"2":{"start":{"line":17,"column":22},"end":{"line":17,"column":44}},"3":{"start":{"line":19,"column":8},"end":{"line":48,"column":null}},"4":{"start":{"line":20,"column":10},"end":{"line":20,"column":null}},"5":{"start":{"line":21,"column":11},"end":{"line":21,"column":null}},"6":{"start":{"line":22,"column":8},"end":{"line":22,"column":null}},"7":{"start":{"line":23,"column":21},"end":{"line":23,"column":null}},"8":{"start":{"line":24,"column":22},"end":{"line":24,"column":null}},"9":{"start":{"line":27,"column":21},"end":{"line":33,"column":null}},"10":{"start":{"line":27,"column":12},"end":{"line":33,"column":null}},"11":{"start":{"line":35,"column":6},"end":{"line":44,"column":null}},"12":{"start":{"line":36,"column":14},"end":{"line":36,"column":null}},"13":{"start":{"line":38,"column":8},"end":{"line":41,"column":null}},"14":{"start":{"line":40,"column":12},"end":{"line":40,"column":null}},"15":{"start":{"line":43,"column":8},"end":{"line":43,"column":null}},"16":{"start":{"line":46,"column":6},"end":{"line":46,"column":null}},"17":{"start":{"line":49,"column":0},"end":{"line":49,"column":null}},"18":{"start":{"line":16,"column":13},"end":{"line":16,"column":33}}},"fnMap":{"0":{"name":"(anonymous_13)","decl":{"start":{"line":16,"column":0},"end":{"line":16,"column":13}},"loc":{"start":{"line":16,"column":0},"end":{"line":49,"column":null}}},"1":{"name":"CreatePostController","decl":{"start":{"line":17,"column":2},"end":{"line":17,"column":22}},"loc":{"start":{"line":17,"column":44},"end":{"line":17,"column":48}}},"2":{"name":"(anonymous_15)","decl":{"start":{"line":19,"column":2},"end":{"line":19,"column":8}},"loc":{"start":{"line":25,"column":32},"end":{"line":48,"column":null}}}},"branchMap":{"0":{"loc":{"start":{"line":35,"column":6},"end":{"line":44,"column":null}},"type":"if","locations":[{"start":{"line":35,"column":6},"end":{"line":44,"column":null}},{"start":{"line":35,"column":6},"end":{"line":44,"column":null}}]},"1":{"loc":{"start":{"line":39,"column":10},"end":{"line":40,"column":null}},"type":"switch","locations":[{"start":{"line":39,"column":10},"end":{"line":40,"column":null}}]}},"s":{"0":3,"1":3,"2":3,"3":3,"4":0,"5":0,"6":0,"7":0,"8":0,"9":0,"10":0,"11":0,"12":0,"13":0,"14":0,"15":0,"16":0,"17":3,"18":3},"f":{"0":3,"1":3,"2":0},"b":{"0":[0,0],"1":[0]}}
,"C:\\Users\\luan\\Documents\\mycurte\\mycurte-backend\\src\\test\\factories\\UserFactory.ts": {"path":"C:\\Users\\luan\\Documents\\mycurte\\mycurte-backend\\src\\test\\factories\\UserFactory.ts","statementMap":{"0":{"start":{"line":1,"column":0},"end":{"line":1,"column":59}},"1":{"start":{"line":2,"column":0},"end":{"line":2,"column":55}},"2":{"start":{"line":3,"column":0},"end":{"line":3,"column":57}},"3":{"start":{"line":4,"column":0},"end":{"line":4,"column":65}},"4":{"start":{"line":5,"column":0},"end":{"line":5,"column":57}},"5":{"start":{"line":6,"column":0},"end":{"line":6,"column":65}},"6":{"start":{"line":14,"column":19},"end":{"line":14,"column":63}},"7":{"start":{"line":15,"column":15},"end":{"line":15,"column":52}},"8":{"start":{"line":16,"column":16},"end":{"line":16,"column":79}},"9":{"start":{"line":17,"column":19},"end":{"line":18,"column":22}},"10":{"start":{"line":20,"column":15},"end":{"line":25,"column":4}},"11":{"start":{"line":27,"column":2},"end":{"line":27,"column":null}},"12":{"start":{"line":13,"column":0},"end":{"line":13,"column":16}},"13":{"start":{"line":31,"column":19},"end":{"line":31,"column":63}},"14":{"start":{"line":32,"column":15},"end":{"line":32,"column":52}},"15":{"start":{"line":33,"column":16},"end":{"line":33,"column":66}},"16":{"start":{"line":34,"column":19},"end":{"line":34,"column":66}},"17":{"start":{"line":36,"column":15},"end":{"line":41,"column":18}},"18":{"start":{"line":43,"column":14},"end":{"line":43,"column":32}},"19":{"start":{"line":45,"column":2},"end":{"line":48,"column":null}},"20":{"start":{"line":30,"column":0},"end":{"line":30,"column":16}}},"fnMap":{"0":{"name":"createUser","decl":{"start":{"line":13,"column":16},"end":{"line":13,"column":26}},"loc":{"start":{"line":13,"column":52},"end":{"line":28,"column":1}}},"1":{"name":"createAndAuthenticateUser","decl":{"start":{"line":30,"column":16},"end":{"line":30,"column":41}},"loc":{"start":{"line":30,"column":41},"end":{"line":49,"column":1}}}},"branchMap":{"0":{"loc":{"start":{"line":16,"column":45},"end":{"line":16,"column":49}},"type":"cond-expr","locations":[{"start":{"line":16,"column":45},"end":{"line":16,"column":49}},{"start":{"line":16,"column":49},"end":{"line":16,"column":63}}]},"1":{"loc":{"start":{"line":16,"column":29},"end":{"line":16,"column":49}},"type":"binary-expr","locations":[{"start":{"line":16,"column":29},"end":{"line":16,"column":49}},{"start":{"line":16,"column":45},"end":{"line":16,"column":49}}]},"2":{"loc":{"start":{"line":16,"column":38},"end":{"line":16,"column":40}},"type":"cond-expr","locations":[{"start":{"line":16,"column":38},"end":{"line":16,"column":40}},{"start":{"line":16,"column":29},"end":{"line":16,"column":45}}]},"3":{"loc":{"start":{"line":16,"column":29},"end":{"line":16,"column":40}},"type":"binary-expr","locations":[{"start":{"line":16,"column":29},"end":{"line":16,"column":40}},{"start":{"line":16,"column":29},"end":{"line":16,"column":40}}]},"4":{"loc":{"start":{"line":17,"column":54},"end":{"line":17,"column":58}},"type":"cond-expr","locations":[{"start":{"line":17,"column":54},"end":{"line":17,"column":58}},{"start":{"line":17,"column":58},"end":{"line":17,"column":66}}]},"5":{"loc":{"start":{"line":17,"column":35},"end":{"line":17,"column":58}},"type":"binary-expr","locations":[{"start":{"line":17,"column":35},"end":{"line":17,"column":58}},{"start":{"line":17,"column":54},"end":{"line":17,"column":58}}]},"6":{"loc":{"start":{"line":17,"column":44},"end":{"line":17,"column":46}},"type":"cond-expr","locations":[{"start":{"line":17,"column":44},"end":{"line":17,"column":46}},{"start":{"line":17,"column":35},"end":{"line":17,"column":54}}]},"7":{"loc":{"start":{"line":17,"column":35},"end":{"line":17,"column":46}},"type":"binary-expr","locations":[{"start":{"line":17,"column":35},"end":{"line":17,"column":46}},{"start":{"line":17,"column":35},"end":{"line":17,"column":46}}]}},"s":{"0":3,"1":3,"2":3,"3":3,"4":3,"5":3,"6":3,"7":3,"8":3,"9":3,"10":3,"11":3,"12":3,"13":1,"14":1,"15":1,"16":1,"17":1,"18":1,"19":1,"20":3},"f":{"0":3,"1":1},"b":{"0":[1,2],"1":[3,3],"2":[2,1],"3":[3,3],"4":[0,3],"5":[3,3],"6":[2,1],"7":[3,3]}}
}
