TN:
SF:src\core\domain\Entity.ts
FN:3,(anonymous_0)
FN:11,Entity
FN:7,(anonymous_2)
FN:16,(anonymous_3)
FNF:4
FNH:3
FNDA:9,(anonymous_0)
FNDA:14,Entity
FNDA:16,(anonymous_2)
FNDA:0,(anonymous_3)
DA:1,9
DA:3,9
DA:7,9
DA:8,16
DA:12,14
DA:13,14
DA:16,9
DA:17,0
DA:18,0
DA:21,0
DA:22,0
DA:25,0
DA:26,0
DA:29,0
DA:31,9
LF:15
LH:8
BRDA:12,0,0,14
BRDA:12,0,1,13
BRDA:17,1,0,0
BRDA:17,1,1,0
BRDA:17,2,0,0
BRDA:17,2,1,0
BRDA:21,3,0,0
BRDA:21,3,1,0
BRDA:25,4,0,0
BRDA:25,4,1,0
BRF:10
BRH:2
end_of_record
TN:
SF:src\core\infra\adapters\ExpressMiddlewareAdapter.ts
FN:5,(anonymous_15)
FN:6,(anonymous_16)
FN:6,(anonymous_17)
FNF:3
FNH:3
FNDA:3,(anonymous_15)
FNDA:1,(anonymous_16)
FNDA:1,(anonymous_17)
DA:5,3
DA:6,3
DA:7,1
DA:12,1
DA:14,1
DA:15,0
DA:18,1
DA:19,0
DA:21,0
DA:23,1
LF:10
LH:7
BRDA:8,0,0,0
BRDA:8,0,1,1
BRDA:8,1,0,1
BRDA:8,1,1,1
BRDA:9,2,0,1
BRDA:9,2,1,0
BRDA:14,3,0,0
BRDA:14,3,1,1
BRDA:18,4,0,0
BRDA:18,4,1,1
BRF:10
BRH:6
end_of_record
TN:
SF:src\core\infra\adapters\ExpressRouteAdapter.ts
FN:5,(anonymous_15)
FN:6,(anonymous_16)
FN:6,(anonymous_17)
FNF:3
FNH:3
FNDA:9,(anonymous_15)
FNDA:5,(anonymous_16)
FNDA:5,(anonymous_17)
DA:5,3
DA:6,9
DA:7,5
DA:16,5
DA:18,5
DA:19,2
DA:21,3
LF:7
LH:7
BRDA:18,0,0,2
BRDA:18,0,1,3
BRDA:18,1,0,5
BRDA:18,1,1,5
BRF:4
BRH:4
end_of_record
TN:
SF:src\core\logic\Either.ts
FN:1,(anonymous_0)
FN:4,Left
FN:8,(anonymous_2)
FN:12,(anonymous_3)
FN:17,(anonymous_4)
FN:20,Right
FN:24,(anonymous_6)
FN:28,(anonymous_7)
FN:35,(anonymous_8)
FN:39,(anonymous_9)
FNF:10
FNH:9
FNDA:14,(anonymous_0)
FNDA:27,Left
FNDA:27,(anonymous_2)
FNDA:0,(anonymous_3)
FNDA:14,(anonymous_4)
FNDA:86,Right
FNDA:41,(anonymous_6)
FNDA:13,(anonymous_7)
FNDA:27,(anonymous_8)
FNDA:86,(anonymous_9)
DA:1,14
DA:5,27
DA:8,14
DA:9,27
DA:12,14
DA:13,0
DA:15,14
DA:17,14
DA:21,86
DA:24,14
DA:25,41
DA:28,14
DA:29,13
DA:31,14
DA:35,14
DA:36,27
DA:39,14
DA:40,86
LF:18
LH:17
BRF:0
BRH:0
end_of_record
TN:
SF:src\modules\accounts\domain\user\email.ts
FN:5,(anonymous_0)
FN:12,Email
FN:8,(anonymous_2)
FN:16,(anonymous_3)
FN:31,(anonymous_4)
FN:35,(anonymous_5)
FNF:6
FNH:6
FNDA:8,(anonymous_0)
FNDA:17,Email
FNDA:9,(anonymous_2)
FNDA:22,(anonymous_3)
FNDA:17,(anonymous_4)
FNDA:22,(anonymous_5)
DA:1,8
DA:3,8
DA:5,8
DA:8,8
DA:9,9
DA:13,17
DA:16,8
DA:17,22
DA:18,1
DA:22,21
DA:24,21
DA:25,4
DA:28,17
DA:31,8
DA:32,17
DA:35,8
DA:36,22
DA:37,5
DA:40,17
DA:42,17
DA:44,8
LF:21
LH:21
BRDA:17,0,0,1
BRDA:17,0,1,21
BRDA:17,1,0,22
BRDA:17,1,1,22
BRDA:24,2,0,4
BRDA:24,2,1,17
BRDA:36,3,0,5
BRDA:36,3,1,17
BRF:8
BRH:8
end_of_record
TN:
SF:src\modules\accounts\domain\user\jwt.ts
FN:19,(anonymous_0)
FN:23,JWT
FN:28,(anonymous_2)
FN:40,(anonymous_3)
FN:52,(anonymous_4)
FNF:5
FNH:5
FNDA:6,(anonymous_0)
FNDA:7,JWT
FNDA:4,(anonymous_2)
FNDA:2,(anonymous_3)
FNDA:6,(anonymous_4)
DA:1,6
DA:3,6
DA:4,6
DA:6,6
DA:19,6
DA:23,7
DA:24,7
DA:25,7
DA:28,6
DA:31,4
DA:32,4
DA:34,2
DA:36,2
DA:40,6
DA:41,2
DA:43,2
DA:44,1
DA:47,1
DA:49,1
DA:52,6
DA:53,6
DA:58,6
DA:60,6
DA:62,6
LF:24
LH:24
BRDA:43,0,0,1
BRDA:43,0,1,1
BRF:2
BRH:2
end_of_record
TN:
SF:src\modules\accounts\domain\user\name.ts
FN:5,(anonymous_0)
FN:12,Name
FN:8,(anonymous_2)
FN:16,(anonymous_3)
FN:24,(anonymous_4)
FNF:5
FNH:5
FNDA:8,(anonymous_0)
FNDA:12,Name
FNDA:1,(anonymous_2)
FNDA:14,(anonymous_3)
FNDA:14,(anonymous_4)
DA:1,8
DA:3,8
DA:5,8
DA:8,8
DA:9,1
DA:13,12
DA:16,8
DA:17,14
DA:18,2
DA:21,12
DA:24,8
DA:25,14
DA:26,2
DA:29,12
DA:31,8
LF:15
LH:15
BRDA:17,0,0,2
BRDA:17,0,1,12
BRDA:17,1,0,14
BRDA:17,1,1,14
BRDA:17,1,2,13
BRDA:25,2,0,2
BRDA:25,2,1,12
BRF:7
BRH:7
end_of_record
TN:
SF:src\modules\accounts\domain\user\password.ts
FN:7,(anonymous_14)
FN:11,Password
FN:16,(anonymous_16)
FN:28,(anonymous_17)
FN:36,(anonymous_20)
FN:48,(anonymous_23)
FNF:6
FNH:6
FNDA:8,(anonymous_14)
FNDA:19,Password
FNDA:20,(anonymous_16)
FNDA:3,(anonymous_17)
FNDA:5,(anonymous_20)
FNDA:23,(anonymous_23)
DA:1,8
DA:3,8
DA:5,8
DA:7,8
DA:12,19
DA:13,19
DA:16,8
DA:17,20
DA:22,4
DA:25,16
DA:28,8
DA:29,3
DA:30,1
DA:33,2
DA:36,8
DA:39,8
DA:40,2
DA:42,2
DA:45,3
DA:48,8
DA:50,43
DA:52,23
DA:53,4
DA:56,19
DA:58,8
LF:25
LH:25
BRDA:17,0,0,4
BRDA:17,0,1,16
BRDA:18,1,0,20
BRDA:18,1,1,20
BRDA:18,1,2,17
BRDA:33,2,0,2
BRDA:29,3,0,1
BRDA:29,3,1,2
BRDA:42,4,0,1
BRDA:42,4,1,3
BRDA:39,5,0,3
BRDA:39,5,1,2
BRDA:50,6,0,20
BRDA:50,6,1,3
BRDA:52,7,0,4
BRDA:52,7,1,19
BRDA:52,8,0,23
BRDA:52,8,1,20
BRF:18
BRH:18
end_of_record
TN:
SF:src\modules\accounts\domain\user\user.ts
FN:20,(anonymous_6)
FN:37,User
FN:21,(anonymous_8)
FN:25,(anonymous_9)
FN:29,(anonymous_10)
FN:33,(anonymous_11)
FN:41,(anonymous_12)
FNF:7
FNH:7
FNDA:7,(anonymous_6)
FNDA:12,User
FNDA:4,(anonymous_8)
FNDA:1,(anonymous_9)
FNDA:9,(anonymous_10)
FNDA:4,(anonymous_11)
FNDA:12,(anonymous_12)
DA:1,7
DA:2,7
DA:20,7
DA:21,7
DA:22,4
DA:25,7
DA:26,1
DA:29,7
DA:30,9
DA:33,7
DA:34,4
DA:38,12
DA:41,7
DA:51,12
DA:53,12
DA:55,7
LF:16
LH:16
BRDA:38,0,0,12
BRDA:38,0,1,12
BRF:2
BRH:2
end_of_record
TN:
SF:src\modules\accounts\domain\user\username.ts
FN:5,(anonymous_0)
FN:12,Username
FN:8,(anonymous_2)
FN:16,(anonymous_3)
FN:34,(anonymous_4)
FNF:5
FNH:5
FNDA:8,(anonymous_0)
FNDA:12,Username
FNDA:4,(anonymous_2)
FNDA:16,(anonymous_3)
FNDA:16,(anonymous_4)
DA:1,8
DA:3,8
DA:5,8
DA:8,8
DA:9,4
DA:13,12
DA:16,8
DA:17,16
DA:22,1
DA:25,15
DA:27,15
DA:28,3
DA:31,12
DA:34,8
DA:37,16
DA:38,4
DA:41,12
DA:43,8
LF:18
LH:18
BRDA:17,0,0,1
BRDA:17,0,1,15
BRDA:18,1,0,16
BRDA:18,1,1,16
BRDA:18,1,2,16
BRDA:27,2,0,3
BRDA:27,2,1,12
BRDA:37,3,0,4
BRDA:37,3,1,12
BRF:9
BRH:9
end_of_record
TN:
SF:src\modules\accounts\repositories\in-memory\InMemoryUsersRepository.ts
FN:4,(anonymous_13)
FN:5,InMemoryUsersRepository
FN:7,(anonymous_15)
FN:8,(anonymous_18)
FN:11,(anonymous_19)
FN:12,(anonymous_22)
FN:15,(anonymous_23)
FN:16,(anonymous_26)
FN:19,(anonymous_27)
FN:20,(anonymous_30)
FN:25,(anonymous_31)
FNF:11
FNH:9
FNDA:2,(anonymous_13)
FNDA:6,InMemoryUsersRepository
FNDA:3,(anonymous_15)
FNDA:2,(anonymous_18)
FNDA:2,(anonymous_19)
FNDA:1,(anonymous_22)
FNDA:3,(anonymous_23)
FNDA:2,(anonymous_26)
FNDA:0,(anonymous_27)
FNDA:0,(anonymous_30)
FNDA:4,(anonymous_31)
DA:4,2
DA:5,12
DA:7,2
DA:8,3
DA:11,2
DA:12,2
DA:15,2
DA:16,3
DA:19,2
DA:20,0
DA:22,0
DA:25,2
DA:26,4
DA:28,2
LF:14
LH:12
BRDA:5,0,0,6
BRDA:5,0,1,0
BRF:2
BRH:1
end_of_record
TN:
SF:src\modules\accounts\repositories\prisma\PrismaUsersRepository.ts
FN:7,(anonymous_13)
FN:8,(anonymous_15)
FN:16,(anonymous_18)
FN:24,(anonymous_21)
FN:36,(anonymous_24)
FNF:5
FNH:5
FNDA:9,(anonymous_13)
FNDA:1,(anonymous_15)
FNDA:1,(anonymous_18)
FNDA:1,(anonymous_21)
FNDA:1,(anonymous_24)
DA:1,3
DA:3,3
DA:7,3
DA:8,3
DA:9,1
DA:13,1
DA:16,3
DA:17,1
DA:21,1
DA:24,3
DA:25,1
DA:29,1
DA:30,0
DA:33,1
DA:36,3
DA:37,1
DA:39,2
DA:41,3
LF:18
LH:17
BRDA:9,0,0,1
BRDA:17,1,0,1
BRDA:25,2,0,1
BRDA:29,3,0,0
BRDA:29,3,1,1
BRDA:37,4,0,1
BRF:6
BRH:5
end_of_record
TN:
SF:src\modules\accounts\useCases\SignIn\SignIn.ts
FN:20,(anonymous_13)
FN:21,SignIn
FN:23,(anonymous_15)
FNF:3
FNH:3
FNDA:4,(anonymous_13)
FNDA:6,SignIn
FNDA:5,(anonymous_15)
DA:1,4
DA:2,4
DA:3,4
DA:5,4
DA:7,4
DA:20,4
DA:21,6
DA:23,5
DA:24,5
DA:25,5
DA:27,5
DA:28,0
DA:31,5
DA:32,1
DA:35,4
DA:37,4
DA:38,1
DA:41,3
DA:43,3
DA:44,1
DA:47,2
DA:49,2
DA:51,4
LF:23
LH:22
BRDA:27,0,0,0
BRDA:27,0,1,5
BRDA:31,1,0,1
BRDA:31,1,1,4
BRDA:37,2,0,1
BRDA:37,2,1,3
BRDA:43,3,0,1
BRDA:43,3,1,2
BRF:8
BRH:7
end_of_record
TN:
SF:src\modules\accounts\useCases\SignIn\SignInController.ts
FN:11,(anonymous_13)
FN:12,SignInController
FN:14,(anonymous_15)
FNF:3
FNH:3
FNDA:3,(anonymous_13)
FNDA:3,SignInController
FNDA:2,(anonymous_15)
DA:2,3
DA:11,3
DA:12,3
DA:14,3
DA:15,2
DA:16,2
DA:19,2
DA:24,2
DA:25,1
DA:27,1
DA:29,1
DA:31,1
DA:34,0
DA:37,3
LF:14
LH:13
BRDA:24,0,0,1
BRDA:24,0,1,1
BRF:2
BRH:2
end_of_record
TN:
SF:src\modules\accounts\useCases\SignUp\SignUp.ts
FN:33,(anonymous_13)
FN:34,SignUp
FN:36,(anonymous_15)
FNF:3
FNH:3
FNDA:4,(anonymous_13)
FNDA:6,SignUp
FNDA:4,(anonymous_15)
DA:1,4
DA:2,4
DA:7,4
DA:8,4
DA:9,4
DA:10,4
DA:13,4
DA:14,4
DA:33,4
DA:34,6
DA:36,4
DA:37,4
DA:38,4
DA:39,4
DA:40,4
DA:42,4
DA:43,4
DA:44,4
DA:45,4
DA:47,4
DA:48,0
DA:51,4
DA:52,0
DA:55,4
DA:56,0
DA:59,4
DA:60,1
DA:63,3
DA:70,3
DA:71,0
DA:74,3
DA:76,3
DA:80,3
DA:81,1
DA:84,2
DA:88,2
DA:89,0
DA:92,4
DA:94,2
DA:96,4
LF:40
LH:35
BRDA:47,0,0,0
BRDA:47,0,1,4
BRDA:51,1,0,0
BRDA:51,1,1,4
BRDA:55,2,0,0
BRDA:55,2,1,4
BRDA:59,3,0,1
BRDA:59,3,1,3
BRDA:70,4,0,0
BRDA:70,4,1,3
BRDA:80,5,0,1
BRDA:80,5,1,2
BRDA:88,6,0,0
BRDA:88,6,1,2
BRF:14
BRH:9
end_of_record
TN:
SF:src\modules\accounts\useCases\SignUp\SignUpController.ts
FN:23,(anonymous_13)
FN:24,SignUpController
FN:29,(anonymous_15)
FNF:3
FNH:3
FNDA:3,(anonymous_13)
FNDA:3,SignUpController
FNDA:3,(anonymous_15)
DA:2,3
DA:11,3
DA:12,3
DA:23,3
DA:25,3
DA:26,3
DA:29,3
DA:31,3
DA:33,3
DA:34,2
DA:37,1
DA:39,1
DA:46,1
DA:47,0
DA:49,0
DA:51,0
DA:53,0
DA:55,0
DA:58,1
DA:61,0
DA:64,3
LF:21
LH:15
BRDA:33,0,0,2
BRDA:33,0,1,1
BRDA:46,1,0,0
BRDA:46,1,1,1
BRDA:50,2,0,0
BRDA:50,2,1,0
BRDA:50,2,2,0
BRF:7
BRH:3
end_of_record
TN:
SF:src\modules\posts\domain\post\content.ts
FN:5,(anonymous_0)
FN:12,Content
FN:8,(anonymous_2)
FN:16,(anonymous_3)
FN:24,(anonymous_4)
FNF:5
FNH:4
FNDA:6,(anonymous_0)
FNDA:3,Content
FNDA:0,(anonymous_2)
FNDA:5,(anonymous_3)
FNDA:5,(anonymous_4)
DA:1,6
DA:3,6
DA:5,6
DA:8,6
DA:9,0
DA:13,3
DA:16,6
DA:17,5
DA:18,2
DA:21,3
DA:24,6
DA:25,5
DA:26,2
DA:29,3
DA:31,6
LF:15
LH:14
BRDA:17,0,0,2
BRDA:17,0,1,3
BRDA:17,1,0,5
BRDA:17,1,1,5
BRDA:17,1,2,4
BRDA:25,2,0,2
BRDA:25,2,1,3
BRF:7
BRH:7
end_of_record
TN:
SF:src\modules\posts\domain\post\post.ts
FN:15,(anonymous_6)
FN:36,Post
FN:16,(anonymous_8)
FN:20,(anonymous_9)
FN:24,(anonymous_10)
FN:28,(anonymous_11)
FN:32,(anonymous_12)
FN:40,(anonymous_13)
FNF:8
FNH:3
FNDA:5,(anonymous_6)
FNDA:2,Post
FNDA:0,(anonymous_8)
FNDA:0,(anonymous_9)
FNDA:0,(anonymous_10)
FNDA:0,(anonymous_11)
FNDA:0,(anonymous_12)
FNDA:2,(anonymous_13)
DA:1,5
DA:2,5
DA:15,5
DA:16,5
DA:17,0
DA:20,5
DA:21,0
DA:24,5
DA:25,0
DA:28,5
DA:29,0
DA:32,5
DA:33,0
DA:37,2
DA:40,5
DA:44,2
DA:46,2
DA:48,5
LF:18
LH:13
BRDA:37,0,0,2
BRDA:37,0,1,2
BRF:2
BRH:2
end_of_record
TN:
SF:src\modules\posts\repositories\in-memory\InMemoryPostsRepository.ts
FN:5,(anonymous_13)
FN:6,InMemoryPostsRepository
FN:8,(anonymous_15)
FN:12,(anonymous_18)
FN:13,(anonymous_21)
FNF:5
FNH:3
FNDA:1,(anonymous_13)
FNDA:1,InMemoryPostsRepository
FNDA:1,(anonymous_15)
FNDA:0,(anonymous_18)
FNDA:0,(anonymous_21)
DA:5,1
DA:6,2
DA:8,1
DA:9,1
DA:12,1
DA:13,0
DA:15,1
LF:7
LH:6
BRDA:6,0,0,1
BRDA:6,0,1,0
BRF:2
BRH:1
end_of_record
TN:
SF:src\modules\posts\repositories\prisma\PrismaPostsRepository.ts
FN:7,(anonymous_13)
FN:8,(anonymous_15)
FN:16,(anonymous_18)
FNF:3
FNH:1
FNDA:6,(anonymous_13)
FNDA:0,(anonymous_15)
FNDA:0,(anonymous_18)
DA:1,3
DA:3,3
DA:7,3
DA:8,3
DA:9,0
DA:11,0
DA:16,3
DA:17,0
DA:21,0
DA:22,0
DA:25,0
DA:27,3
LF:12
LH:6
BRDA:17,0,0,0
BRDA:21,1,0,0
BRDA:21,1,1,0
BRF:3
BRH:0
end_of_record
TN:
SF:src\modules\posts\useCases\CreatePost\CreatePost.ts
FN:21,(anonymous_13)
FN:22,CreatePost
FN:27,(anonymous_15)
FNF:3
FNH:3
FNDA:4,(anonymous_13)
FNDA:4,CreatePost
FNDA:1,(anonymous_15)
DA:3,4
DA:5,4
DA:6,4
DA:9,4
DA:21,4
DA:23,4
DA:24,4
DA:27,4
DA:28,1
DA:29,1
DA:30,1
DA:31,1
DA:32,1
DA:34,1
DA:36,1
DA:37,0
DA:40,2
DA:41,0
DA:42,2
DA:43,0
DA:47,0
DA:48,0
DA:54,2
DA:55,0
DA:58,1
DA:66,1
DA:67,0
DA:70,1
DA:72,2
DA:74,1
DA:76,4
LF:31
LH:24
BRDA:36,0,0,0
BRDA:36,0,1,1
BRDA:40,1,0,1
BRDA:40,1,1,0
BRDA:40,2,0,1
BRDA:40,2,1,0
BRDA:42,3,0,1
BRDA:42,3,1,0
BRDA:42,4,0,1
BRDA:42,4,1,1
BRDA:44,5,0,0
BRDA:44,5,1,0
BRDA:47,6,0,0
BRDA:47,6,1,0
BRDA:54,7,0,1
BRDA:54,7,1,0
BRDA:66,8,0,0
BRDA:66,8,1,1
BRF:18
BRH:8
end_of_record
TN:
SF:src\modules\posts\useCases\CreatePost\CreatePostController.ts
FN:16,(anonymous_13)
FN:17,CreatePostController
FN:19,(anonymous_15)
FNF:3
FNH:2
FNDA:3,(anonymous_13)
FNDA:3,CreatePostController
FNDA:0,(anonymous_15)
DA:4,3
DA:16,3
DA:17,3
DA:19,3
DA:20,0
DA:21,0
DA:22,0
DA:23,0
DA:24,0
DA:27,0
DA:35,0
DA:36,0
DA:38,0
DA:40,0
DA:43,0
DA:46,0
DA:49,3
LF:17
LH:5
BRDA:35,0,0,0
BRDA:35,0,1,0
BRDA:39,1,0,0
BRF:3
BRH:0
end_of_record
TN:
SF:src\test\factories\UserFactory.ts
FN:13,createUser
FN:30,createAndAuthenticateUser
FNF:2
FNH:2
FNDA:3,createUser
FNDA:1,createAndAuthenticateUser
DA:1,3
DA:2,3
DA:3,3
DA:4,3
DA:5,3
DA:6,3
DA:13,3
DA:14,3
DA:15,3
DA:16,3
DA:17,3
DA:20,3
DA:27,3
DA:30,3
DA:31,1
DA:32,1
DA:33,1
DA:34,1
DA:36,1
DA:43,1
DA:45,1
LF:21
LH:21
BRDA:16,0,0,1
BRDA:16,0,1,2
BRDA:16,1,0,3
BRDA:16,1,1,3
BRDA:16,2,0,2
BRDA:16,2,1,1
BRDA:16,3,0,3
BRDA:16,3,1,3
BRDA:17,4,0,0
BRDA:17,4,1,3
BRDA:17,5,0,3
BRDA:17,5,1,3
BRDA:17,6,0,2
BRDA:17,6,1,1
BRDA:17,7,0,3
BRDA:17,7,1,3
BRF:16
BRH:15
end_of_record
